2025-10-24 19:18:11,196 INFO o.a.j.u.JMeterUtils: Setting Locale to en_EN
2025-10-24 19:18:11,259 INFO o.a.j.JMeter: Loading user properties from: C:\ISOMOD_PROJECT\Load_Testing_Tool\apache-jmeter-5.6.3\bin\user.properties
2025-10-24 19:18:11,307 INFO o.a.j.JMeter: Loading system properties from: C:\ISOMOD_PROJECT\Load_Testing_Tool\apache-jmeter-5.6.3\bin\system.properties
2025-10-24 19:18:11,339 INFO o.a.j.JMeter: Copyright (c) 1998-2024 The Apache Software Foundation
2025-10-24 19:18:11,371 INFO o.a.j.JMeter: Version 5.6.3
2025-10-24 19:18:11,402 INFO o.a.j.JMeter: java.version=17.0.16
2025-10-24 19:18:11,421 INFO o.a.j.JMeter: java.vm.name=OpenJDK Client VM
2025-10-24 19:18:11,452 INFO o.a.j.JMeter: os.name=Windows 11
2025-10-24 19:18:11,470 INFO o.a.j.JMeter: os.arch=x86
2025-10-24 19:18:11,498 INFO o.a.j.JMeter: os.version=10.0
2025-10-24 19:18:11,515 INFO o.a.j.JMeter: file.encoding=Cp1252
2025-10-24 19:18:11,546 INFO o.a.j.JMeter: java.awt.headless=null
2025-10-24 19:18:11,562 INFO o.a.j.JMeter: Max memory     =1073741824
2025-10-24 19:18:11,593 INFO o.a.j.JMeter: Available Processors =4
2025-10-24 19:18:11,624 INFO o.a.j.JMeter: Default Locale=English (EN)
2025-10-24 19:18:11,656 INFO o.a.j.JMeter: JMeter  Locale=English (EN)
2025-10-24 19:18:11,680 INFO o.a.j.JMeter: JMeterHome=C:\ISOMOD_PROJECT\Load_Testing_Tool\apache-jmeter-5.6.3
2025-10-24 19:18:11,703 INFO o.a.j.JMeter: user.dir  =Z:\Load_Testing\Projects\134_Isomod\PT_Scripts\RELEASE 1.2_Scripts\R1.2.10_StudyOrderCreation
2025-10-24 19:18:11,830 INFO o.a.j.JMeter: PWD       =Z:\Load_Testing\Projects\134_Isomod\PT_Scripts\RELEASE 1.2_Scripts\R1.2.10_StudyOrderCreation
2025-10-24 19:18:11,858 INFO o.a.j.JMeter: IP: 10.65.4.243 Name: CPC-srika-Z2M8R FullName: CPC-srika-Z2M8R.cardinalhealth.net
2025-10-24 19:18:11,925 INFO o.a.j.JMeter: Loaded icon properties from org/apache/jmeter/images/icon.properties
2025-10-24 19:18:12,146 INFO o.a.j.JMeterGuiLauncher: Setting LAF to: laf:javax.swing.plaf.metal.MetalLookAndFeel
2025-10-24 19:18:13,144 INFO o.a.j.JMeterGuiLauncher: Loading file: R2.0.1_Study_Order_Creation.jmx
2025-10-24 19:18:13,171 INFO o.a.j.s.FileServer: Default base='Z:\Load_Testing\Projects\134_Isomod\PT_Scripts\RELEASE 1.2_Scripts\R1.2.10_StudyOrderCreation'
2025-10-24 19:18:13,184 INFO o.a.j.s.FileServer: Set new base='Z:\Load_Testing\Projects\134_Isomod\PT_Scripts\RELEASE 1.2_Scripts\R1.2.10_StudyOrderCreation'
2025-10-24 19:18:13,372 INFO o.a.j.s.SaveService: Testplan (JMX) version: 2.2. Testlog (JTL) version: 2.2
2025-10-24 19:18:13,434 INFO o.a.j.s.SaveService: Using SaveService properties version 5.0
2025-10-24 19:18:13,462 INFO o.a.j.s.SaveService: Using SaveService properties file encoding UTF-8
2025-10-24 19:18:13,489 INFO o.a.j.s.SaveService: Loading file: R2.0.1_Study_Order_Creation.jmx
2025-10-24 19:18:13,618 INFO o.a.j.p.h.c.CookieManager: Settings: Delete null: true Check: true Allow variable: true Save: false Prefix: COOKIE_
2025-10-24 19:18:13,650 INFO o.a.j.p.h.c.CacheManager: Will only cache the following methods: [GET]
2025-10-24 19:18:13,702 INFO o.a.j.p.h.s.HTTPSamplerBase: Parser for text/html is org.apache.jmeter.protocol.http.parser.LagartoBasedHtmlParser
2025-10-24 19:18:13,729 INFO o.a.j.p.h.s.HTTPSamplerBase: Parser for application/xhtml+xml is org.apache.jmeter.protocol.http.parser.LagartoBasedHtmlParser
2025-10-24 19:18:13,745 INFO o.a.j.p.h.s.HTTPSamplerBase: Parser for application/xml is org.apache.jmeter.protocol.http.parser.LagartoBasedHtmlParser
2025-10-24 19:18:13,777 INFO o.a.j.p.h.s.HTTPSamplerBase: Parser for text/xml is org.apache.jmeter.protocol.http.parser.LagartoBasedHtmlParser
2025-10-24 19:18:13,796 INFO o.a.j.p.h.s.HTTPSamplerBase: Parser for text/vnd.wap.wml is org.apache.jmeter.protocol.http.parser.RegexpHTMLParser
2025-10-24 19:18:13,827 INFO o.a.j.p.h.s.HTTPSamplerBase: Parser for text/css is org.apache.jmeter.protocol.http.parser.CssParser
2025-10-24 19:18:14,657 INFO o.a.j.e.KeyToolUtils: keytool found at 'keytool'
2025-10-24 19:18:14,683 INFO o.a.j.p.h.p.ProxyControl: HTTP(S) Test Script Recorder SSL Proxy will use keys that support embedded 3rd party resources in file C:\ISOMOD_PROJECT\Load_Testing_Tool\apache-jmeter-5.6.3\bin\proxyserver.jks
2025-10-24 19:18:14,718 INFO o.a.j.s.FileServer: Set new base='Z:\Load_Testing\Projects\134_Isomod\PT_Scripts\RELEASE 1.2_Scripts\R1.2.10_StudyOrderCreation'
2025-10-24 19:18:15,640 INFO o.a.j.s.SampleResult: Note: Sample TimeStamps are START times
2025-10-24 19:18:15,671 INFO o.a.j.s.SampleResult: sampleresult.default.encoding is set to UTF-8
2025-10-24 19:18:15,683 INFO o.a.j.s.SampleResult: sampleresult.useNanoTime=true
2025-10-24 19:18:15,720 INFO o.a.j.s.SampleResult: sampleresult.nanoThreadSleep=5000
