2025-10-28 14:44:59,467 INFO o.a.j.u.JMeterUtils: Setting Locale to en_EN
2025-10-28 14:44:59,497 INFO o.a.j.JMeter: Loading user properties from: C:\Users\geet.mehta\Downloads\apache-jmeter-5.6.2\bin\user.properties
2025-10-28 14:44:59,498 INFO o.a.j.JMeter: Loading system properties from: C:\Users\geet.mehta\Downloads\apache-jmeter-5.6.2\bin\system.properties
2025-10-28 14:44:59,507 INFO o.a.j.JMeter: Copyright (c) 1998-2023 The Apache Software Foundation
2025-10-28 14:44:59,507 INFO o.a.j.JMeter: Version 5.6.2
2025-10-28 14:44:59,507 INFO o.a.j.JMeter: java.version=11.0.15.1
2025-10-28 14:44:59,507 INFO o.a.j.JMeter: java.vm.name=OpenJDK 64-Bit Server VM
2025-10-28 14:44:59,507 INFO o.a.j.JMeter: os.name=Windows 11
2025-10-28 14:44:59,509 INFO o.a.j.JMeter: os.arch=amd64
2025-10-28 14:44:59,509 INFO o.a.j.JMeter: os.version=10.0
2025-10-28 14:44:59,509 INFO o.a.j.JMeter: file.encoding=Cp1252
2025-10-28 14:44:59,509 INFO o.a.j.JMeter: java.awt.headless=null
2025-10-28 14:44:59,509 INFO o.a.j.JMeter: Max memory     =4294967296
2025-10-28 14:44:59,509 INFO o.a.j.JMeter: Available Processors =4
2025-10-28 14:44:59,522 INFO o.a.j.JMeter: Default Locale=English (EN)
2025-10-28 14:44:59,522 INFO o.a.j.JMeter: JMeter  Locale=English (EN)
2025-10-28 14:44:59,523 INFO o.a.j.JMeter: JMeterHome=C:\Users\geet.mehta\Downloads\apache-jmeter-5.6.2
2025-10-28 14:44:59,523 INFO o.a.j.JMeter: user.dir  =C:\Users\geet.mehta\Downloads\GIT\isomod-Oct25\RELEASE 1.2_Scripts\R1.2.4_Unfill_Order
2025-10-28 14:44:59,525 INFO o.a.j.JMeter: PWD       =C:\Users\geet.mehta\Downloads\GIT\isomod-Oct25\RELEASE 1.2_Scripts\R1.2.4_Unfill_Order
2025-10-28 14:44:59,528 INFO o.a.j.JMeter: IP: 10.65.131.3 Name: CPC-geetm-C4SAD FullName: CPC-geetm-C4SAD.cardinalhealth.net
2025-10-28 14:44:59,543 INFO o.a.j.JMeter: Loaded icon properties from org/apache/jmeter/images/icon.properties
2025-10-28 14:44:59,863 INFO o.a.j.JMeterGuiLauncher: Setting LAF to: laf:com.sun.java.swing.plaf.windows.WindowsLookAndFeel
2025-10-28 14:45:01,098 INFO o.a.j.r.ClassFinder: Will scan jar C:\Users\geet.mehta\Downloads\apache-jmeter-5.6.2\lib\ext\jmeter-plugins-functions-2.2.jar with filter ExtendsClassFilter [parents=[interface org.apache.jmeter.gui.action.Command], inner=false, contains=null, notContains=null]. Consider exposing JMeter plugins via META-INF/services, and add JMeter-Skip-Class-Scanning=true manifest attribute so JMeter can skip classfile scanning
2025-10-28 14:45:01,108 INFO o.a.j.r.ClassFinder: Will scan jar C:\Users\geet.mehta\Downloads\apache-jmeter-5.6.2\lib\ext\bzm-repositories-plugin-1.3.jar with filter ExtendsClassFilter [parents=[interface org.apache.jmeter.gui.action.Command], inner=false, contains=null, notContains=null]. Consider exposing JMeter plugins via META-INF/services, and add JMeter-Skip-Class-Scanning=true manifest attribute so JMeter can skip classfile scanning
2025-10-28 14:45:01,124 INFO o.a.j.r.ClassFinder: Will scan jar C:\Users\geet.mehta\Downloads\apache-jmeter-5.6.2\lib\ext\postgresql-42.2.25.jar with filter ExtendsClassFilter [parents=[interface org.apache.jmeter.gui.action.Command], inner=false, contains=null, notContains=null]. Consider exposing JMeter plugins via META-INF/services, and add JMeter-Skip-Class-Scanning=true manifest attribute so JMeter can skip classfile scanning
2025-10-28 14:45:01,236 INFO o.a.j.r.ClassFinder: Will scan jar C:\Users\geet.mehta\Downloads\apache-jmeter-5.6.2\lib\ext\ojdbc8.jar with filter ExtendsClassFilter [parents=[interface org.apache.jmeter.gui.action.Command], inner=false, contains=null, notContains=null]. Consider exposing JMeter plugins via META-INF/services, and add JMeter-Skip-Class-Scanning=true manifest attribute so JMeter can skip classfile scanning
2025-10-28 14:45:01,743 INFO o.a.j.r.ClassFinder: Will scan jar C:\Users\geet.mehta\Downloads\apache-jmeter-5.6.2\lib\ext\gson-2.8.6.jar with filter ExtendsClassFilter [parents=[interface org.apache.jmeter.gui.action.Command], inner=false, contains=null, notContains=null]. Consider exposing JMeter plugins via META-INF/services, and add JMeter-Skip-Class-Scanning=true manifest attribute so JMeter can skip classfile scanning
2025-10-28 14:45:01,764 INFO o.a.j.r.ClassFinder: Will scan jar C:\Users\geet.mehta\Downloads\apache-jmeter-5.6.2\lib\ext\jmeter-bzm-rte-3.3.jar with filter ExtendsClassFilter [parents=[interface org.apache.jmeter.gui.action.Command], inner=false, contains=null, notContains=null]. Consider exposing JMeter plugins via META-INF/services, and add JMeter-Skip-Class-Scanning=true manifest attribute so JMeter can skip classfile scanning
2025-10-28 14:45:01,824 INFO o.a.j.r.ClassFinder: Will scan jar C:\Users\geet.mehta\Downloads\apache-jmeter-5.6.2\lib\ext\cmdrunner-2.3.jar with filter ExtendsClassFilter [parents=[interface org.apache.jmeter.gui.action.Command], inner=false, contains=null, notContains=null]. Consider exposing JMeter plugins via META-INF/services, and add JMeter-Skip-Class-Scanning=true manifest attribute so JMeter can skip classfile scanning
2025-10-28 14:45:01,826 INFO o.a.j.r.ClassFinder: Will scan jar C:\Users\geet.mehta\Downloads\apache-jmeter-5.6.2\lib\ext\jmeter-plugins-fifo-0.2.jar with filter ExtendsClassFilter [parents=[interface org.apache.jmeter.gui.action.Command], inner=false, contains=null, notContains=null]. Consider exposing JMeter plugins via META-INF/services, and add JMeter-Skip-Class-Scanning=true manifest attribute so JMeter can skip classfile scanning
2025-10-28 14:45:01,831 INFO o.a.j.r.ClassFinder: Will scan jar C:\Users\geet.mehta\Downloads\apache-jmeter-5.6.2\lib\ext\jmeter-plugins-json-2.7.jar with filter ExtendsClassFilter [parents=[interface org.apache.jmeter.gui.action.Command], inner=false, contains=null, notContains=null]. Consider exposing JMeter plugins via META-INF/services, and add JMeter-Skip-Class-Scanning=true manifest attribute so JMeter can skip classfile scanning
2025-10-28 14:45:01,840 INFO o.a.j.r.ClassFinder: Will scan jar C:\Users\geet.mehta\Downloads\apache-jmeter-5.6.2\lib\ext\dm3270-lib-0.15.jar with filter ExtendsClassFilter [parents=[interface org.apache.jmeter.gui.action.Command], inner=false, contains=null, notContains=null]. Consider exposing JMeter plugins via META-INF/services, and add JMeter-Skip-Class-Scanning=true manifest attribute so JMeter can skip classfile scanning
2025-10-28 14:45:01,871 INFO o.a.j.r.ClassFinder: Will scan jar C:\Users\geet.mehta\Downloads\apache-jmeter-5.6.2\lib\ext\jackson-module-jaxb-annotations-2.10.3.jar with filter ExtendsClassFilter [parents=[interface org.apache.jmeter.gui.action.Command], inner=false, contains=null, notContains=null]. Consider exposing JMeter plugins via META-INF/services, and add JMeter-Skip-Class-Scanning=true manifest attribute so JMeter can skip classfile scanning
2025-10-28 14:45:01,884 INFO o.a.j.r.ClassFinder: Will scan jar C:\Users\geet.mehta\Downloads\apache-jmeter-5.6.2\lib\ext\ivy-2.5.2.jar with filter ExtendsClassFilter [parents=[interface org.apache.jmeter.gui.action.Command], inner=false, contains=null, notContains=null]. Consider exposing JMeter plugins via META-INF/services, and add JMeter-Skip-Class-Scanning=true manifest attribute so JMeter can skip classfile scanning
2025-10-28 14:45:02,148 INFO o.a.j.r.ClassFinder: Will scan jar C:\Users\geet.mehta\Downloads\apache-jmeter-5.6.2\lib\ext\jmeter-pubsub-sampler-1.1.jar with filter ExtendsClassFilter [parents=[interface org.apache.jmeter.gui.action.Command], inner=false, contains=null, notContains=null]. Consider exposing JMeter plugins via META-INF/services, and add JMeter-Skip-Class-Scanning=true manifest attribute so JMeter can skip classfile scanning
2025-10-28 14:45:04,774 INFO o.a.j.r.ClassFinder: Will scan jar C:\Users\geet.mehta\Downloads\apache-jmeter-5.6.2\lib\ext\di-extended-csv-2.2.jar with filter ExtendsClassFilter [parents=[interface org.apache.jmeter.gui.action.Command], inner=false, contains=null, notContains=null]. Consider exposing JMeter plugins via META-INF/services, and add JMeter-Skip-Class-Scanning=true manifest attribute so JMeter can skip classfile scanning
2025-10-28 14:45:04,778 INFO o.a.j.r.ClassFinder: Will scan jar C:\Users\geet.mehta\Downloads\apache-jmeter-5.6.2\lib\ext\jmeter-plugins-casutg-2.10.jar with filter ExtendsClassFilter [parents=[interface org.apache.jmeter.gui.action.Command], inner=false, contains=null, notContains=null]. Consider exposing JMeter plugins via META-INF/services, and add JMeter-Skip-Class-Scanning=true manifest attribute so JMeter can skip classfile scanning
2025-10-28 14:45:04,795 INFO o.a.j.r.ClassFinder: Will scan jar C:\Users\geet.mehta\Downloads\apache-jmeter-5.6.2\lib\ext\jmeter-plugins-cmn-jmeter-0.7.jar with filter ExtendsClassFilter [parents=[interface org.apache.jmeter.gui.action.Command], inner=false, contains=null, notContains=null]. Consider exposing JMeter plugins via META-INF/services, and add JMeter-Skip-Class-Scanning=true manifest attribute so JMeter can skip classfile scanning
2025-10-28 14:45:04,824 INFO o.a.j.r.ClassFinder: Will scan jar C:\Users\geet.mehta\Downloads\apache-jmeter-5.6.2\lib\ext\opencsv-5.9.jar with filter ExtendsClassFilter [parents=[interface org.apache.jmeter.gui.action.Command], inner=false, contains=null, notContains=null]. Consider exposing JMeter plugins via META-INF/services, and add JMeter-Skip-Class-Scanning=true manifest attribute so JMeter can skip classfile scanning
2025-10-28 14:45:04,876 INFO o.a.j.r.ClassFinder: Will scan jar C:\Users\geet.mehta\Downloads\apache-jmeter-5.6.2\lib\ext\jmeter-plugins-table-server-4.0.jar with filter ExtendsClassFilter [parents=[interface org.apache.jmeter.gui.action.Command], inner=false, contains=null, notContains=null]. Consider exposing JMeter plugins via META-INF/services, and add JMeter-Skip-Class-Scanning=true manifest attribute so JMeter can skip classfile scanning
2025-10-28 14:45:04,883 INFO o.a.j.r.ClassFinder: Will scan jar C:\Users\geet.mehta\Downloads\apache-jmeter-5.6.2\lib\ext\xtn5250-3.2.4.jar with filter ExtendsClassFilter [parents=[interface org.apache.jmeter.gui.action.Command], inner=false, contains=null, notContains=null]. Consider exposing JMeter plugins via META-INF/services, and add JMeter-Skip-Class-Scanning=true manifest attribute so JMeter can skip classfile scanning
2025-10-28 14:45:04,920 INFO o.a.j.r.ClassFinder: Will scan jar C:\Users\geet.mehta\Downloads\apache-jmeter-5.6.2\lib\ext\jmeter-plugins-random-csv-data-set-0.8.jar with filter ExtendsClassFilter [parents=[interface org.apache.jmeter.gui.action.Command], inner=false, contains=null, notContains=null]. Consider exposing JMeter plugins via META-INF/services, and add JMeter-Skip-Class-Scanning=true manifest attribute so JMeter can skip classfile scanning
2025-10-28 14:45:04,924 INFO o.a.j.r.ClassFinder: Will scan jar C:\Users\geet.mehta\Downloads\apache-jmeter-5.6.2\lib\ext\jmeter.backendlistener.kafka-1.0.0.jar with filter ExtendsClassFilter [parents=[interface org.apache.jmeter.gui.action.Command], inner=false, contains=null, notContains=null]. Consider exposing JMeter plugins via META-INF/services, and add JMeter-Skip-Class-Scanning=true manifest attribute so JMeter can skip classfile scanning
2025-10-28 14:45:05,427 INFO o.a.j.r.ClassFinder: Will scan jar C:\Users\geet.mehta\Downloads\apache-jmeter-5.6.2\lib\ext\jVT220-1.3.2.jar with filter ExtendsClassFilter [parents=[interface org.apache.jmeter.gui.action.Command], inner=false, contains=null, notContains=null]. Consider exposing JMeter plugins via META-INF/services, and add JMeter-Skip-Class-Scanning=true manifest attribute so JMeter can skip classfile scanning
2025-10-28 14:45:05,440 INFO o.a.j.r.ClassFinder: Will scan jar C:\Users\geet.mehta\Downloads\apache-jmeter-5.6.2\lib\ext\jmeter-plugins-dummy-0.4.jar with filter ExtendsClassFilter [parents=[interface org.apache.jmeter.gui.action.Command], inner=false, contains=null, notContains=null]. Consider exposing JMeter plugins via META-INF/services, and add JMeter-Skip-Class-Scanning=true manifest attribute so JMeter can skip classfile scanning
2025-10-28 14:45:05,444 INFO o.a.j.r.ClassFinder: Will scan jar C:\Users\geet.mehta\Downloads\apache-jmeter-5.6.2\lib\ext\di-extended-csv-1.1 (2).jar with filter ExtendsClassFilter [parents=[interface org.apache.jmeter.gui.action.Command], inner=false, contains=null, notContains=null]. Consider exposing JMeter plugins via META-INF/services, and add JMeter-Skip-Class-Scanning=true manifest attribute so JMeter can skip classfile scanning
2025-10-28 14:45:05,448 INFO o.a.j.r.ClassFinder: Will scan jar C:\Users\geet.mehta\Downloads\apache-jmeter-5.6.2\lib\ext\jmeter-plugins-manager-1.7.jar with filter ExtendsClassFilter [parents=[interface org.apache.jmeter.gui.action.Command], inner=false, contains=null, notContains=null]. Consider exposing JMeter plugins via META-INF/services, and add JMeter-Skip-Class-Scanning=true manifest attribute so JMeter can skip classfile scanning
2025-10-28 14:45:05,579 INFO o.a.j.r.ClassFinder: Will scan jar C:\Users\geet.mehta\Downloads\apache-jmeter-5.6.2\lib\ext\di-extended-csv-2.2 (3).jar with filter ExtendsClassFilter [parents=[interface org.apache.jmeter.gui.action.Command], inner=false, contains=null, notContains=null]. Consider exposing JMeter plugins via META-INF/services, and add JMeter-Skip-Class-Scanning=true manifest attribute so JMeter can skip classfile scanning
2025-10-28 14:45:05,580 INFO o.a.j.r.ClassFinder: Will scan jar C:\Users\geet.mehta\Downloads\apache-jmeter-5.6.2\lib\ext\jmeter-plugins-manager-1.10.jar with filter ExtendsClassFilter [parents=[interface org.apache.jmeter.gui.action.Command], inner=false, contains=null, notContains=null]. Consider exposing JMeter plugins via META-INF/services, and add JMeter-Skip-Class-Scanning=true manifest attribute so JMeter can skip classfile scanning
2025-10-28 14:45:05,581 INFO o.a.j.r.ClassFinder: Will scan jar C:\Users\geet.mehta\Downloads\apache-jmeter-5.6.2\lib\ext\jmeter-plugins-functions-2.1.jar with filter ExtendsClassFilter [parents=[interface org.apache.jmeter.gui.action.Command], inner=false, contains=null, notContains=null]. Consider exposing JMeter plugins via META-INF/services, and add JMeter-Skip-Class-Scanning=true manifest attribute so JMeter can skip classfile scanning
2025-10-28 14:45:05,582 INFO o.a.j.r.ClassFinder: Will scan jar C:\Users\geet.mehta\Downloads\apache-jmeter-5.6.2\lib\ext\jmeter-plugins-table-server-5.0.jar with filter ExtendsClassFilter [parents=[interface org.apache.jmeter.gui.action.Command], inner=false, contains=null, notContains=null]. Consider exposing JMeter plugins via META-INF/services, and add JMeter-Skip-Class-Scanning=true manifest attribute so JMeter can skip classfile scanning
2025-10-28 14:45:05,668 INFO o.a.j.r.ClassFinder: Will scan jar C:\Users\geet.mehta\Downloads\apache-jmeter-5.6.2\lib\ext\jmeter-plugins-functions-2.2.jar with filter ExtendsClassFilter [parents=[interface org.apache.jmeter.gui.plugin.MenuCreator], inner=false, contains=null, notContains=null]. Consider exposing JMeter plugins via META-INF/services, and add JMeter-Skip-Class-Scanning=true manifest attribute so JMeter can skip classfile scanning
2025-10-28 14:45:05,670 INFO o.a.j.r.ClassFinder: Will scan jar C:\Users\geet.mehta\Downloads\apache-jmeter-5.6.2\lib\ext\bzm-repositories-plugin-1.3.jar with filter ExtendsClassFilter [parents=[interface org.apache.jmeter.gui.plugin.MenuCreator], inner=false, contains=null, notContains=null]. Consider exposing JMeter plugins via META-INF/services, and add JMeter-Skip-Class-Scanning=true manifest attribute so JMeter can skip classfile scanning
2025-10-28 14:45:05,675 INFO o.a.j.r.ClassFinder: Will scan jar C:\Users\geet.mehta\Downloads\apache-jmeter-5.6.2\lib\ext\postgresql-42.2.25.jar with filter ExtendsClassFilter [parents=[interface org.apache.jmeter.gui.plugin.MenuCreator], inner=false, contains=null, notContains=null]. Consider exposing JMeter plugins via META-INF/services, and add JMeter-Skip-Class-Scanning=true manifest attribute so JMeter can skip classfile scanning
2025-10-28 14:45:05,679 INFO o.a.j.r.ClassFinder: Will scan jar C:\Users\geet.mehta\Downloads\apache-jmeter-5.6.2\lib\ext\ojdbc8.jar with filter ExtendsClassFilter [parents=[interface org.apache.jmeter.gui.plugin.MenuCreator], inner=false, contains=null, notContains=null]. Consider exposing JMeter plugins via META-INF/services, and add JMeter-Skip-Class-Scanning=true manifest attribute so JMeter can skip classfile scanning
2025-10-28 14:45:05,695 INFO o.a.j.r.ClassFinder: Will scan jar C:\Users\geet.mehta\Downloads\apache-jmeter-5.6.2\lib\ext\gson-2.8.6.jar with filter ExtendsClassFilter [parents=[interface org.apache.jmeter.gui.plugin.MenuCreator], inner=false, contains=null, notContains=null]. Consider exposing JMeter plugins via META-INF/services, and add JMeter-Skip-Class-Scanning=true manifest attribute so JMeter can skip classfile scanning
2025-10-28 14:45:05,697 INFO o.a.j.r.ClassFinder: Will scan jar C:\Users\geet.mehta\Downloads\apache-jmeter-5.6.2\lib\ext\jmeter-bzm-rte-3.3.jar with filter ExtendsClassFilter [parents=[interface org.apache.jmeter.gui.plugin.MenuCreator], inner=false, contains=null, notContains=null]. Consider exposing JMeter plugins via META-INF/services, and add JMeter-Skip-Class-Scanning=true manifest attribute so JMeter can skip classfile scanning
2025-10-28 14:45:05,699 INFO o.a.j.r.ClassFinder: Will scan jar C:\Users\geet.mehta\Downloads\apache-jmeter-5.6.2\lib\ext\cmdrunner-2.3.jar with filter ExtendsClassFilter [parents=[interface org.apache.jmeter.gui.plugin.MenuCreator], inner=false, contains=null, notContains=null]. Consider exposing JMeter plugins via META-INF/services, and add JMeter-Skip-Class-Scanning=true manifest attribute so JMeter can skip classfile scanning
2025-10-28 14:45:05,700 INFO o.a.j.r.ClassFinder: Will scan jar C:\Users\geet.mehta\Downloads\apache-jmeter-5.6.2\lib\ext\jmeter-plugins-fifo-0.2.jar with filter ExtendsClassFilter [parents=[interface org.apache.jmeter.gui.plugin.MenuCreator], inner=false, contains=null, notContains=null]. Consider exposing JMeter plugins via META-INF/services, and add JMeter-Skip-Class-Scanning=true manifest attribute so JMeter can skip classfile scanning
2025-10-28 14:45:05,702 INFO o.a.j.r.ClassFinder: Will scan jar C:\Users\geet.mehta\Downloads\apache-jmeter-5.6.2\lib\ext\jmeter-plugins-json-2.7.jar with filter ExtendsClassFilter [parents=[interface org.apache.jmeter.gui.plugin.MenuCreator], inner=false, contains=null, notContains=null]. Consider exposing JMeter plugins via META-INF/services, and add JMeter-Skip-Class-Scanning=true manifest attribute so JMeter can skip classfile scanning
2025-10-28 14:45:05,703 INFO o.a.j.r.ClassFinder: Will scan jar C:\Users\geet.mehta\Downloads\apache-jmeter-5.6.2\lib\ext\dm3270-lib-0.15.jar with filter ExtendsClassFilter [parents=[interface org.apache.jmeter.gui.plugin.MenuCreator], inner=false, contains=null, notContains=null]. Consider exposing JMeter plugins via META-INF/services, and add JMeter-Skip-Class-Scanning=true manifest attribute so JMeter can skip classfile scanning
2025-10-28 14:45:05,704 INFO o.a.j.r.ClassFinder: Will scan jar C:\Users\geet.mehta\Downloads\apache-jmeter-5.6.2\lib\ext\jackson-module-jaxb-annotations-2.10.3.jar with filter ExtendsClassFilter [parents=[interface org.apache.jmeter.gui.plugin.MenuCreator], inner=false, contains=null, notContains=null]. Consider exposing JMeter plugins via META-INF/services, and add JMeter-Skip-Class-Scanning=true manifest attribute so JMeter can skip classfile scanning
2025-10-28 14:45:05,706 INFO o.a.j.r.ClassFinder: Will scan jar C:\Users\geet.mehta\Downloads\apache-jmeter-5.6.2\lib\ext\ivy-2.5.2.jar with filter ExtendsClassFilter [parents=[interface org.apache.jmeter.gui.plugin.MenuCreator], inner=false, contains=null, notContains=null]. Consider exposing JMeter plugins via META-INF/services, and add JMeter-Skip-Class-Scanning=true manifest attribute so JMeter can skip classfile scanning
2025-10-28 14:45:05,768 INFO o.a.j.r.ClassFinder: Will scan jar C:\Users\geet.mehta\Downloads\apache-jmeter-5.6.2\lib\ext\jmeter-pubsub-sampler-1.1.jar with filter ExtendsClassFilter [parents=[interface org.apache.jmeter.gui.plugin.MenuCreator], inner=false, contains=null, notContains=null]. Consider exposing JMeter plugins via META-INF/services, and add JMeter-Skip-Class-Scanning=true manifest attribute so JMeter can skip classfile scanning
2025-10-28 14:45:05,785 INFO o.a.j.r.ClassFinder: Will scan jar C:\Users\geet.mehta\Downloads\apache-jmeter-5.6.2\lib\ext\di-extended-csv-2.2.jar with filter ExtendsClassFilter [parents=[interface org.apache.jmeter.gui.plugin.MenuCreator], inner=false, contains=null, notContains=null]. Consider exposing JMeter plugins via META-INF/services, and add JMeter-Skip-Class-Scanning=true manifest attribute so JMeter can skip classfile scanning
2025-10-28 14:45:05,786 INFO o.a.j.r.ClassFinder: Will scan jar C:\Users\geet.mehta\Downloads\apache-jmeter-5.6.2\lib\ext\jmeter-plugins-casutg-2.10.jar with filter ExtendsClassFilter [parents=[interface org.apache.jmeter.gui.plugin.MenuCreator], inner=false, contains=null, notContains=null]. Consider exposing JMeter plugins via META-INF/services, and add JMeter-Skip-Class-Scanning=true manifest attribute so JMeter can skip classfile scanning
2025-10-28 14:45:05,787 INFO o.a.j.r.ClassFinder: Will scan jar C:\Users\geet.mehta\Downloads\apache-jmeter-5.6.2\lib\ext\jmeter-plugins-cmn-jmeter-0.7.jar with filter ExtendsClassFilter [parents=[interface org.apache.jmeter.gui.plugin.MenuCreator], inner=false, contains=null, notContains=null]. Consider exposing JMeter plugins via META-INF/services, and add JMeter-Skip-Class-Scanning=true manifest attribute so JMeter can skip classfile scanning
2025-10-28 14:45:05,788 INFO o.a.j.r.ClassFinder: Will scan jar C:\Users\geet.mehta\Downloads\apache-jmeter-5.6.2\lib\ext\opencsv-5.9.jar with filter ExtendsClassFilter [parents=[interface org.apache.jmeter.gui.plugin.MenuCreator], inner=false, contains=null, notContains=null]. Consider exposing JMeter plugins via META-INF/services, and add JMeter-Skip-Class-Scanning=true manifest attribute so JMeter can skip classfile scanning
2025-10-28 14:45:05,790 INFO o.a.j.r.ClassFinder: Will scan jar C:\Users\geet.mehta\Downloads\apache-jmeter-5.6.2\lib\ext\jmeter-plugins-table-server-4.0.jar with filter ExtendsClassFilter [parents=[interface org.apache.jmeter.gui.plugin.MenuCreator], inner=false, contains=null, notContains=null]. Consider exposing JMeter plugins via META-INF/services, and add JMeter-Skip-Class-Scanning=true manifest attribute so JMeter can skip classfile scanning
2025-10-28 14:45:05,790 INFO o.a.j.r.ClassFinder: Will scan jar C:\Users\geet.mehta\Downloads\apache-jmeter-5.6.2\lib\ext\xtn5250-3.2.4.jar with filter ExtendsClassFilter [parents=[interface org.apache.jmeter.gui.plugin.MenuCreator], inner=false, contains=null, notContains=null]. Consider exposing JMeter plugins via META-INF/services, and add JMeter-Skip-Class-Scanning=true manifest attribute so JMeter can skip classfile scanning
2025-10-28 14:45:05,792 INFO o.a.j.r.ClassFinder: Will scan jar C:\Users\geet.mehta\Downloads\apache-jmeter-5.6.2\lib\ext\jmeter-plugins-random-csv-data-set-0.8.jar with filter ExtendsClassFilter [parents=[interface org.apache.jmeter.gui.plugin.MenuCreator], inner=false, contains=null, notContains=null]. Consider exposing JMeter plugins via META-INF/services, and add JMeter-Skip-Class-Scanning=true manifest attribute so JMeter can skip classfile scanning
2025-10-28 14:45:05,793 INFO o.a.j.r.ClassFinder: Will scan jar C:\Users\geet.mehta\Downloads\apache-jmeter-5.6.2\lib\ext\jmeter.backendlistener.kafka-1.0.0.jar with filter ExtendsClassFilter [parents=[interface org.apache.jmeter.gui.plugin.MenuCreator], inner=false, contains=null, notContains=null]. Consider exposing JMeter plugins via META-INF/services, and add JMeter-Skip-Class-Scanning=true manifest attribute so JMeter can skip classfile scanning
2025-10-28 14:45:05,803 INFO o.a.j.r.ClassFinder: Will scan jar C:\Users\geet.mehta\Downloads\apache-jmeter-5.6.2\lib\ext\jVT220-1.3.2.jar with filter ExtendsClassFilter [parents=[interface org.apache.jmeter.gui.plugin.MenuCreator], inner=false, contains=null, notContains=null]. Consider exposing JMeter plugins via META-INF/services, and add JMeter-Skip-Class-Scanning=true manifest attribute so JMeter can skip classfile scanning
2025-10-28 14:45:05,804 INFO o.a.j.r.ClassFinder: Will scan jar C:\Users\geet.mehta\Downloads\apache-jmeter-5.6.2\lib\ext\jmeter-plugins-dummy-0.4.jar with filter ExtendsClassFilter [parents=[interface org.apache.jmeter.gui.plugin.MenuCreator], inner=false, contains=null, notContains=null]. Consider exposing JMeter plugins via META-INF/services, and add JMeter-Skip-Class-Scanning=true manifest attribute so JMeter can skip classfile scanning
2025-10-28 14:45:05,805 INFO o.a.j.r.ClassFinder: Will scan jar C:\Users\geet.mehta\Downloads\apache-jmeter-5.6.2\lib\ext\di-extended-csv-1.1 (2).jar with filter ExtendsClassFilter [parents=[interface org.apache.jmeter.gui.plugin.MenuCreator], inner=false, contains=null, notContains=null]. Consider exposing JMeter plugins via META-INF/services, and add JMeter-Skip-Class-Scanning=true manifest attribute so JMeter can skip classfile scanning
2025-10-28 14:45:05,806 INFO o.a.j.r.ClassFinder: Will scan jar C:\Users\geet.mehta\Downloads\apache-jmeter-5.6.2\lib\ext\jmeter-plugins-manager-1.7.jar with filter ExtendsClassFilter [parents=[interface org.apache.jmeter.gui.plugin.MenuCreator], inner=false, contains=null, notContains=null]. Consider exposing JMeter plugins via META-INF/services, and add JMeter-Skip-Class-Scanning=true manifest attribute so JMeter can skip classfile scanning
2025-10-28 14:45:05,816 INFO o.a.j.r.ClassFinder: Will scan jar C:\Users\geet.mehta\Downloads\apache-jmeter-5.6.2\lib\ext\di-extended-csv-2.2 (3).jar with filter ExtendsClassFilter [parents=[interface org.apache.jmeter.gui.plugin.MenuCreator], inner=false, contains=null, notContains=null]. Consider exposing JMeter plugins via META-INF/services, and add JMeter-Skip-Class-Scanning=true manifest attribute so JMeter can skip classfile scanning
2025-10-28 14:45:05,817 INFO o.a.j.r.ClassFinder: Will scan jar C:\Users\geet.mehta\Downloads\apache-jmeter-5.6.2\lib\ext\jmeter-plugins-manager-1.10.jar with filter ExtendsClassFilter [parents=[interface org.apache.jmeter.gui.plugin.MenuCreator], inner=false, contains=null, notContains=null]. Consider exposing JMeter plugins via META-INF/services, and add JMeter-Skip-Class-Scanning=true manifest attribute so JMeter can skip classfile scanning
2025-10-28 14:45:05,819 INFO o.a.j.r.ClassFinder: Will scan jar C:\Users\geet.mehta\Downloads\apache-jmeter-5.6.2\lib\ext\jmeter-plugins-functions-2.1.jar with filter ExtendsClassFilter [parents=[interface org.apache.jmeter.gui.plugin.MenuCreator], inner=false, contains=null, notContains=null]. Consider exposing JMeter plugins via META-INF/services, and add JMeter-Skip-Class-Scanning=true manifest attribute so JMeter can skip classfile scanning
2025-10-28 14:45:05,820 INFO o.a.j.r.ClassFinder: Will scan jar C:\Users\geet.mehta\Downloads\apache-jmeter-5.6.2\lib\ext\jmeter-plugins-table-server-5.0.jar with filter ExtendsClassFilter [parents=[interface org.apache.jmeter.gui.plugin.MenuCreator], inner=false, contains=null, notContains=null]. Consider exposing JMeter plugins via META-INF/services, and add JMeter-Skip-Class-Scanning=true manifest attribute so JMeter can skip classfile scanning
2025-10-28 14:45:05,926 WARN o.j.r.PluginManager: Found JAR conflict: C:\Users\geet.mehta\Downloads\apache-jmeter-5.6.2\lib\asm-9.5.jar and C:\Users\geet.mehta\Downloads\apache-jmeter-5.6.2\lib\asm-1.0.2.jar
2025-10-28 14:45:05,929 WARN o.j.r.PluginManager: Found JAR conflict: C:\Users\geet.mehta\Downloads\apache-jmeter-5.6.2\lib\json-path-2.8.0.jar and C:\Users\geet.mehta\Downloads\apache-jmeter-5.6.2\lib\json-path-2.4.0.jar
2025-10-28 14:45:05,931 WARN o.j.r.PluginManager: Found JAR conflict: C:\Users\geet.mehta\Downloads\apache-jmeter-5.6.2\lib\json-smart-2.4.11.jar and C:\Users\geet.mehta\Downloads\apache-jmeter-5.6.2\lib\json-smart-2.3.jar
2025-10-28 14:45:05,932 WARN o.j.r.PluginManager: Found JAR conflict: C:\Users\geet.mehta\Downloads\apache-jmeter-5.6.2\lib\ext\ApacheJMeter_functions.jar and C:\Users\geet.mehta\Downloads\apache-jmeter-5.6.2\lib\ApacheJMeter_functions.jar
2025-10-28 14:45:05,932 WARN o.j.r.PluginManager: Found JAR conflict: C:\Users\geet.mehta\Downloads\apache-jmeter-5.6.2\lib\ext\bzm-repositories-plugin-1.3.jar and C:\Users\geet.mehta\Downloads\apache-jmeter-5.6.2\lib\bzm-repositories-plugin-1.3.jar
2025-10-28 14:45:05,932 WARN o.j.r.PluginManager: Found JAR conflict: C:\Users\geet.mehta\Downloads\apache-jmeter-5.6.2\lib\ext\cmdrunner-2.3.jar and C:\Users\geet.mehta\Downloads\apache-jmeter-5.6.2\lib\cmdrunner-2.3.jar
2025-10-28 14:45:05,932 WARN o.j.r.PluginManager: Found JAR conflict: C:\Users\geet.mehta\Downloads\apache-jmeter-5.6.2\lib\ext\di-extended-csv-1.1 (2).jar and C:\Users\geet.mehta\Downloads\apache-jmeter-5.6.2\lib\di-extended-csv-2.2.jar
2025-10-28 14:45:05,932 WARN o.j.r.PluginManager: Found JAR conflict: C:\Users\geet.mehta\Downloads\apache-jmeter-5.6.2\lib\ext\di-extended-csv-2.2 (3).jar and C:\Users\geet.mehta\Downloads\apache-jmeter-5.6.2\lib\ext\di-extended-csv-1.1 (2).jar
2025-10-28 14:45:05,932 WARN o.j.r.PluginManager: Found JAR conflict: C:\Users\geet.mehta\Downloads\apache-jmeter-5.6.2\lib\ext\di-extended-csv-2.2.jar and C:\Users\geet.mehta\Downloads\apache-jmeter-5.6.2\lib\ext\di-extended-csv-2.2 (3).jar
2025-10-28 14:45:05,932 WARN o.j.r.PluginManager: Found JAR conflict: C:\Users\geet.mehta\Downloads\apache-jmeter-5.6.2\lib\ext\dm3270-lib-0.15.jar and C:\Users\geet.mehta\Downloads\apache-jmeter-5.6.2\lib\dm3270-lib-0.15.jar
2025-10-28 14:45:05,933 WARN o.j.r.PluginManager: Found JAR conflict: C:\Users\geet.mehta\Downloads\apache-jmeter-5.6.2\lib\ext\jackson-module-jaxb-annotations-2.10.3.jar and C:\Users\geet.mehta\Downloads\apache-jmeter-5.6.2\lib\jackson-module-jaxb-annotations-2.10.3.jar
2025-10-28 14:45:05,933 WARN o.j.r.PluginManager: Found JAR conflict: C:\Users\geet.mehta\Downloads\apache-jmeter-5.6.2\lib\ext\jmeter-plugins-cmn-jmeter-0.7.jar and C:\Users\geet.mehta\Downloads\apache-jmeter-5.6.2\lib\jmeter-plugins-cmn-jmeter-0.7.jar
2025-10-28 14:45:05,933 WARN o.j.r.PluginManager: Found JAR conflict: C:\Users\geet.mehta\Downloads\apache-jmeter-5.6.2\lib\ext\jmeter-plugins-functions-2.1.jar and C:\Users\geet.mehta\Downloads\apache-jmeter-5.6.2\lib\jmeter-plugins-functions-2.2.jar
2025-10-28 14:45:05,934 WARN o.j.r.PluginManager: Found JAR conflict: C:\Users\geet.mehta\Downloads\apache-jmeter-5.6.2\lib\ext\jmeter-plugins-functions-2.2.jar and C:\Users\geet.mehta\Downloads\apache-jmeter-5.6.2\lib\ext\jmeter-plugins-functions-2.1.jar
2025-10-28 14:45:05,934 WARN o.j.r.PluginManager: Found JAR conflict: C:\Users\geet.mehta\Downloads\apache-jmeter-5.6.2\lib\ext\jmeter-plugins-manager-1.7.jar and C:\Users\geet.mehta\Downloads\apache-jmeter-5.6.2\lib\ext\jmeter-plugins-manager-1.10.jar
2025-10-28 14:45:05,934 WARN o.j.r.PluginManager: Found JAR conflict: C:\Users\geet.mehta\Downloads\apache-jmeter-5.6.2\lib\ext\jmeter-plugins-table-server-4.0.jar and C:\Users\geet.mehta\Downloads\apache-jmeter-5.6.2\lib\jmeter-plugins-table-server-5.0.jar
2025-10-28 14:45:05,934 WARN o.j.r.PluginManager: Found JAR conflict: C:\Users\geet.mehta\Downloads\apache-jmeter-5.6.2\lib\ext\jmeter-plugins-table-server-5.0.jar and C:\Users\geet.mehta\Downloads\apache-jmeter-5.6.2\lib\ext\jmeter-plugins-table-server-4.0.jar
2025-10-28 14:45:06,285 INFO o.j.r.JARSourceHTTP: Found cached repo
2025-10-28 14:45:06,535 WARN o.j.r.Plugin: Unable to load class: com.blazemeter.jmeter.repository.plugin.system.SystemManager
java.lang.NoClassDefFoundError: com/blazemeter/jmeter/correlation/core/templates/repository/PluggableRepository
	at java.lang.ClassLoader.defineClass1(Native Method) ~[?:?]
	at java.lang.ClassLoader.defineClass(ClassLoader.java:1017) ~[?:?]
	at java.security.SecureClassLoader.defineClass(SecureClassLoader.java:174) ~[?:?]
	at java.net.URLClassLoader.defineClass(URLClassLoader.java:555) ~[?:?]
	at java.net.URLClassLoader$1.run(URLClassLoader.java:458) ~[?:?]
	at java.net.URLClassLoader$1.run(URLClassLoader.java:452) ~[?:?]
	at java.security.AccessController.doPrivileged(Native Method) ~[?:?]
	at java.net.URLClassLoader.findClass(URLClassLoader.java:451) ~[?:?]
	at java.lang.ClassLoader.loadClass(ClassLoader.java:589) ~[?:?]
	at java.lang.ClassLoader.loadClass(ClassLoader.java:522) ~[?:?]
	at org.jmeterplugins.repository.Plugin.getJARPath(Plugin.java:202) [jmeter-plugins-manager-1.10.jar:?]
	at org.jmeterplugins.repository.Plugin.detectInstalledPlugin(Plugin.java:108) [jmeter-plugins-manager-1.10.jar:?]
	at org.jmeterplugins.repository.Plugin.detectInstalled(Plugin.java:97) [jmeter-plugins-manager-1.10.jar:?]
	at org.jmeterplugins.repository.PluginManager.load(PluginManager.java:86) [jmeter-plugins-manager-1.10.jar:?]
	at org.jmeterplugins.repository.PluginManagerMenuItem$1.run(PluginManagerMenuItem.java:38) [jmeter-plugins-manager-1.10.jar:?]
Caused by: java.lang.ClassNotFoundException: com.blazemeter.jmeter.correlation.core.templates.repository.PluggableRepository
	at java.net.URLClassLoader.findClass(URLClassLoader.java:476) ~[?:?]
	at java.lang.ClassLoader.loadClass(ClassLoader.java:589) ~[?:?]
	at java.lang.ClassLoader.loadClass(ClassLoader.java:522) ~[?:?]
	... 15 more
2025-10-28 14:45:06,623 INFO o.j.r.PluginManager: Plugins Status: [bzm-rte=3.3, jpgc-functions=2.2, jpgc-casutg=2.10, jpgc-dummy=0.4, extended-csv-dataset-config=2.2, jmeter-pubsub-sampler=1.1, jpgc-sts=5.0, jpgc-fifo=0.2, jpgc-json=2.7, jmeter.backendlistener.kafka=1.0.0, jpgc-plugins-manager=1.10, bzm-random-csv=0.8, jmeter-core=5.6.2, jmeter-ftp=5.6.2, jmeter-http=5.6.2, jmeter-jdbc=5.6.2, jmeter-jms=5.6.2, jmeter-junit=5.6.2, jmeter-java=5.6.2, jmeter-ldap=5.6.2, jmeter-mail=5.6.2, jmeter-mongodb=5.6.2, jmeter-native=5.6.2, jmeter-tcp=5.6.2, jmeter-components=5.6.2]
2025-10-28 14:45:06,629 INFO o.j.r.PluginManagerMenuItem: Plugins Manager has upgrades: [bzm-rte, jpgc-casutg, extended-csv-dataset-config, jmeter-pubsub-sampler, jpgc-plugins-manager]
2025-10-28 14:45:07,675 INFO o.a.j.JMeterGuiLauncher: Loading file: R1.2.4_Unfillorder.jmx
2025-10-28 14:45:07,685 INFO o.a.j.s.FileServer: Default base='C:\Users\geet.mehta\Downloads\GIT\isomod-Oct25\RELEASE 1.2_Scripts\R1.2.4_Unfill_Order'
2025-10-28 14:45:07,696 INFO o.a.j.s.FileServer: Set new base='C:\Users\geet.mehta\Downloads\GIT\isomod-Oct25\RELEASE 1.2_Scripts\R1.2.4_Unfill_Order'
2025-10-28 14:45:08,298 INFO o.a.j.s.SaveService: Testplan (JMX) version: 2.2. Testlog (JTL) version: 2.2
2025-10-28 14:45:08,356 INFO o.a.j.s.SaveService: Using SaveService properties version 5.0
2025-10-28 14:45:08,366 INFO o.a.j.s.SaveService: Using SaveService properties file encoding UTF-8
2025-10-28 14:45:08,373 INFO o.a.j.s.SaveService: Loading file: R1.2.4_Unfillorder.jmx
2025-10-28 14:45:08,490 WARN o.j.r.p.TestPlanAnalyzer: Cannot parse file: R1.2.4_Unfillorder.jmx
org.xml.sax.SAXParseException: Character reference "&#x0" is an invalid XML character.
	at org.apache.xerces.parsers.DOMParser.parse(Unknown Source) ~[xercesImpl-2.12.2.jar:?]
	at org.apache.xerces.jaxp.DocumentBuilderImpl.parse(Unknown Source) ~[xercesImpl-2.12.2.jar:?]
	at javax.xml.parsers.DocumentBuilder.parse(DocumentBuilder.java:122) ~[?:?]
	at org.jmeterplugins.repository.plugins.TestPlanAnalyzer.getNodeListWithClassNames(TestPlanAnalyzer.java:130) [jmeter-plugins-manager-1.10.jar:?]
	at org.jmeterplugins.repository.plugins.TestPlanAnalyzer.analyze(TestPlanAnalyzer.java:37) [jmeter-plugins-manager-1.10.jar:?]
	at org.jmeterplugins.repository.plugins.PluginSuggester.analyzeTestPlan(PluginSuggester.java:51) [jmeter-plugins-manager-1.10.jar:?]
	at org.jmeterplugins.repository.plugins.PluginSuggester.findPluginsToInstall(PluginSuggester.java:44) [jmeter-plugins-manager-1.10.jar:?]
	at org.jmeterplugins.repository.plugins.PluginSuggester.checkAndSuggest(PluginSuggester.java:28) [jmeter-plugins-manager-1.10.jar:?]
	at org.jmeterplugins.repository.logging.LoggerAppender.append(LoggerAppender.java:33) [jmeter-plugins-manager-1.10.jar:?]
	at org.apache.logging.log4j.core.config.AppenderControl.tryCallAppender(AppenderControl.java:161) [log4j-core-2.20.0.jar:2.20.0]
	at org.apache.logging.log4j.core.config.AppenderControl.callAppender0(AppenderControl.java:134) [log4j-core-2.20.0.jar:2.20.0]
	at org.apache.logging.log4j.core.config.AppenderControl.callAppenderPreventRecursion(AppenderControl.java:125) [log4j-core-2.20.0.jar:2.20.0]
	at org.apache.logging.log4j.core.config.AppenderControl.callAppender(AppenderControl.java:89) [log4j-core-2.20.0.jar:2.20.0]
	at org.apache.logging.log4j.core.config.LoggerConfig.callAppenders(LoggerConfig.java:683) [log4j-core-2.20.0.jar:2.20.0]
	at org.apache.logging.log4j.core.config.LoggerConfig.processLogEvent(LoggerConfig.java:641) [log4j-core-2.20.0.jar:2.20.0]
	at org.apache.logging.log4j.core.config.LoggerConfig.log(LoggerConfig.java:624) [log4j-core-2.20.0.jar:2.20.0]
	at org.apache.logging.log4j.core.config.LoggerConfig.log(LoggerConfig.java:560) [log4j-core-2.20.0.jar:2.20.0]
	at org.apache.logging.log4j.core.config.AwaitCompletionReliabilityStrategy.log(AwaitCompletionReliabilityStrategy.java:82) [log4j-core-2.20.0.jar:2.20.0]
	at org.apache.logging.log4j.core.Logger.log(Logger.java:163) [log4j-core-2.20.0.jar:2.20.0]
	at org.apache.logging.log4j.spi.AbstractLogger.tryLogMessage(AbstractLogger.java:2168) [log4j-api-2.20.0.jar:2.20.0]
	at org.apache.logging.log4j.spi.AbstractLogger.logMessageTrackRecursion(AbstractLogger.java:2122) [log4j-api-2.20.0.jar:2.20.0]
	at org.apache.logging.log4j.spi.AbstractLogger.logMessageSafely(AbstractLogger.java:2105) [log4j-api-2.20.0.jar:2.20.0]
	at org.apache.logging.log4j.spi.AbstractLogger.logMessage(AbstractLogger.java:1997) [log4j-api-2.20.0.jar:2.20.0]
	at org.apache.logging.log4j.spi.AbstractLogger.logIfEnabled(AbstractLogger.java:1862) [log4j-api-2.20.0.jar:2.20.0]
	at org.apache.logging.slf4j.Log4jLogger.info(Log4jLogger.java:185) [log4j-slf4j-impl-2.20.0.jar:2.20.0]
	at org.apache.jmeter.save.SaveService.loadTree(SaveService.java:425) [ApacheJMeter_core.jar:5.6.2]
	at org.apache.jmeter.JMeterGuiLauncher$loadFile$2.invokeSuspend(JMeterGuiLauncher.kt:140) [ApacheJMeter_core.jar:5.6.2]
	at kotlin.coroutines.jvm.internal.BaseContinuationImpl.resumeWith(ContinuationImpl.kt:33) [kotlin-stdlib-1.8.22.jar:1.8.22-release-407(1.8.22)]
	at kotlinx.coroutines.DispatchedTask.run(DispatchedTask.kt:106) [kotlinx-coroutines-core-jvm-1.7.1.jar:?]
	at kotlinx.coroutines.scheduling.CoroutineScheduler.runSafely(CoroutineScheduler.kt:584) [kotlinx-coroutines-core-jvm-1.7.1.jar:?]
	at kotlinx.coroutines.scheduling.CoroutineScheduler$Worker.executeTask(CoroutineScheduler.kt:793) [kotlinx-coroutines-core-jvm-1.7.1.jar:?]
	at kotlinx.coroutines.scheduling.CoroutineScheduler$Worker.runWorker(CoroutineScheduler.kt:697) [kotlinx-coroutines-core-jvm-1.7.1.jar:?]
	at kotlinx.coroutines.scheduling.CoroutineScheduler$Worker.run(CoroutineScheduler.kt:684) [kotlinx-coroutines-core-jvm-1.7.1.jar:?]
2025-10-28 14:45:08,542 INFO o.a.j.p.h.c.CookieManager: Settings: Delete null: false Check: true Allow variable: true Save: false Prefix: COOKIE_
2025-10-28 14:45:08,546 INFO o.a.j.p.h.c.CacheManager: Will only cache the following methods: [GET]
2025-10-28 14:45:08,566 INFO o.a.j.p.h.s.HTTPSamplerBase: Parser for text/html is org.apache.jmeter.protocol.http.parser.LagartoBasedHtmlParser
2025-10-28 14:45:08,566 INFO o.a.j.p.h.s.HTTPSamplerBase: Parser for application/xhtml+xml is org.apache.jmeter.protocol.http.parser.LagartoBasedHtmlParser
2025-10-28 14:45:08,566 INFO o.a.j.p.h.s.HTTPSamplerBase: Parser for application/xml is org.apache.jmeter.protocol.http.parser.LagartoBasedHtmlParser
2025-10-28 14:45:08,566 INFO o.a.j.p.h.s.HTTPSamplerBase: Parser for text/xml is org.apache.jmeter.protocol.http.parser.LagartoBasedHtmlParser
2025-10-28 14:45:08,566 INFO o.a.j.p.h.s.HTTPSamplerBase: Parser for text/vnd.wap.wml is org.apache.jmeter.protocol.http.parser.RegexpHTMLParser
2025-10-28 14:45:08,566 INFO o.a.j.p.h.s.HTTPSamplerBase: Parser for text/css is org.apache.jmeter.protocol.http.parser.CssParser
2025-10-28 14:45:10,001 INFO o.a.j.e.KeyToolUtils: keytool found at 'keytool'
2025-10-28 14:45:10,002 INFO o.a.j.p.h.p.ProxyControl: HTTP(S) Test Script Recorder SSL Proxy will use keys that support embedded 3rd party resources in file C:\Users\geet.mehta\Downloads\apache-jmeter-5.6.2\bin\proxyserver.jks
2025-10-28 14:45:10,014 INFO o.a.j.s.FileServer: Set new base='C:\Users\geet.mehta\Downloads\GIT\isomod-Oct25\RELEASE 1.2_Scripts\R1.2.4_Unfill_Order'
2025-10-28 14:45:11,508 INFO o.a.j.s.SampleResult: Note: Sample TimeStamps are START times
2025-10-28 14:45:11,508 INFO o.a.j.s.SampleResult: sampleresult.default.encoding is set to UTF-8
2025-10-28 14:45:11,508 INFO o.a.j.s.SampleResult: sampleresult.useNanoTime=true
2025-10-28 14:45:11,508 INFO o.a.j.s.SampleResult: sampleresult.nanoThreadSleep=5000
2025-10-28 14:45:11,604 INFO o.a.j.r.ClassFinder: Will scan jar C:\Users\geet.mehta\Downloads\apache-jmeter-5.6.2\lib\ext\jmeter-plugins-functions-2.2.jar with filter ExtendsClassFilter [parents=[interface org.apache.jmeter.visualizers.ResultRenderer], inner=false, contains=null, notContains=null]. Consider exposing JMeter plugins via META-INF/services, and add JMeter-Skip-Class-Scanning=true manifest attribute so JMeter can skip classfile scanning
2025-10-28 14:45:11,606 INFO o.a.j.r.ClassFinder: Will scan jar C:\Users\geet.mehta\Downloads\apache-jmeter-5.6.2\lib\ext\bzm-repositories-plugin-1.3.jar with filter ExtendsClassFilter [parents=[interface org.apache.jmeter.visualizers.ResultRenderer], inner=false, contains=null, notContains=null]. Consider exposing JMeter plugins via META-INF/services, and add JMeter-Skip-Class-Scanning=true manifest attribute so JMeter can skip classfile scanning
2025-10-28 14:45:11,610 INFO o.a.j.r.ClassFinder: Will scan jar C:\Users\geet.mehta\Downloads\apache-jmeter-5.6.2\lib\ext\postgresql-42.2.25.jar with filter ExtendsClassFilter [parents=[interface org.apache.jmeter.visualizers.ResultRenderer], inner=false, contains=null, notContains=null]. Consider exposing JMeter plugins via META-INF/services, and add JMeter-Skip-Class-Scanning=true manifest attribute so JMeter can skip classfile scanning
2025-10-28 14:45:11,615 INFO o.a.j.r.ClassFinder: Will scan jar C:\Users\geet.mehta\Downloads\apache-jmeter-5.6.2\lib\ext\ojdbc8.jar with filter ExtendsClassFilter [parents=[interface org.apache.jmeter.visualizers.ResultRenderer], inner=false, contains=null, notContains=null]. Consider exposing JMeter plugins via META-INF/services, and add JMeter-Skip-Class-Scanning=true manifest attribute so JMeter can skip classfile scanning
2025-10-28 14:45:11,635 INFO o.a.j.r.ClassFinder: Will scan jar C:\Users\geet.mehta\Downloads\apache-jmeter-5.6.2\lib\ext\gson-2.8.6.jar with filter ExtendsClassFilter [parents=[interface org.apache.jmeter.visualizers.ResultRenderer], inner=false, contains=null, notContains=null]. Consider exposing JMeter plugins via META-INF/services, and add JMeter-Skip-Class-Scanning=true manifest attribute so JMeter can skip classfile scanning
2025-10-28 14:45:11,637 INFO o.a.j.r.ClassFinder: Will scan jar C:\Users\geet.mehta\Downloads\apache-jmeter-5.6.2\lib\ext\jmeter-bzm-rte-3.3.jar with filter ExtendsClassFilter [parents=[interface org.apache.jmeter.visualizers.ResultRenderer], inner=false, contains=null, notContains=null]. Consider exposing JMeter plugins via META-INF/services, and add JMeter-Skip-Class-Scanning=true manifest attribute so JMeter can skip classfile scanning
2025-10-28 14:45:11,637 INFO o.a.j.r.ClassFinder: Will scan jar C:\Users\geet.mehta\Downloads\apache-jmeter-5.6.2\lib\ext\cmdrunner-2.3.jar with filter ExtendsClassFilter [parents=[interface org.apache.jmeter.visualizers.ResultRenderer], inner=false, contains=null, notContains=null]. Consider exposing JMeter plugins via META-INF/services, and add JMeter-Skip-Class-Scanning=true manifest attribute so JMeter can skip classfile scanning
2025-10-28 14:45:11,639 INFO o.a.j.r.ClassFinder: Will scan jar C:\Users\geet.mehta\Downloads\apache-jmeter-5.6.2\lib\ext\jmeter-plugins-fifo-0.2.jar with filter ExtendsClassFilter [parents=[interface org.apache.jmeter.visualizers.ResultRenderer], inner=false, contains=null, notContains=null]. Consider exposing JMeter plugins via META-INF/services, and add JMeter-Skip-Class-Scanning=true manifest attribute so JMeter can skip classfile scanning
2025-10-28 14:45:11,641 INFO o.a.j.r.ClassFinder: Will scan jar C:\Users\geet.mehta\Downloads\apache-jmeter-5.6.2\lib\ext\jmeter-plugins-json-2.7.jar with filter ExtendsClassFilter [parents=[interface org.apache.jmeter.visualizers.ResultRenderer], inner=false, contains=null, notContains=null]. Consider exposing JMeter plugins via META-INF/services, and add JMeter-Skip-Class-Scanning=true manifest attribute so JMeter can skip classfile scanning
2025-10-28 14:45:11,641 INFO o.a.j.r.ClassFinder: Will scan jar C:\Users\geet.mehta\Downloads\apache-jmeter-5.6.2\lib\ext\dm3270-lib-0.15.jar with filter ExtendsClassFilter [parents=[interface org.apache.jmeter.visualizers.ResultRenderer], inner=false, contains=null, notContains=null]. Consider exposing JMeter plugins via META-INF/services, and add JMeter-Skip-Class-Scanning=true manifest attribute so JMeter can skip classfile scanning
2025-10-28 14:45:11,643 INFO o.a.j.r.ClassFinder: Will scan jar C:\Users\geet.mehta\Downloads\apache-jmeter-5.6.2\lib\ext\jackson-module-jaxb-annotations-2.10.3.jar with filter ExtendsClassFilter [parents=[interface org.apache.jmeter.visualizers.ResultRenderer], inner=false, contains=null, notContains=null]. Consider exposing JMeter plugins via META-INF/services, and add JMeter-Skip-Class-Scanning=true manifest attribute so JMeter can skip classfile scanning
2025-10-28 14:45:11,645 INFO o.a.j.r.ClassFinder: Will scan jar C:\Users\geet.mehta\Downloads\apache-jmeter-5.6.2\lib\ext\ivy-2.5.2.jar with filter ExtendsClassFilter [parents=[interface org.apache.jmeter.visualizers.ResultRenderer], inner=false, contains=null, notContains=null]. Consider exposing JMeter plugins via META-INF/services, and add JMeter-Skip-Class-Scanning=true manifest attribute so JMeter can skip classfile scanning
2025-10-28 14:45:11,706 INFO o.a.j.r.ClassFinder: Will scan jar C:\Users\geet.mehta\Downloads\apache-jmeter-5.6.2\lib\ext\jmeter-pubsub-sampler-1.1.jar with filter ExtendsClassFilter [parents=[interface org.apache.jmeter.visualizers.ResultRenderer], inner=false, contains=null, notContains=null]. Consider exposing JMeter plugins via META-INF/services, and add JMeter-Skip-Class-Scanning=true manifest attribute so JMeter can skip classfile scanning
2025-10-28 14:45:11,730 INFO o.a.j.r.ClassFinder: Will scan jar C:\Users\geet.mehta\Downloads\apache-jmeter-5.6.2\lib\ext\di-extended-csv-2.2.jar with filter ExtendsClassFilter [parents=[interface org.apache.jmeter.visualizers.ResultRenderer], inner=false, contains=null, notContains=null]. Consider exposing JMeter plugins via META-INF/services, and add JMeter-Skip-Class-Scanning=true manifest attribute so JMeter can skip classfile scanning
2025-10-28 14:45:11,730 INFO o.a.j.r.ClassFinder: Will scan jar C:\Users\geet.mehta\Downloads\apache-jmeter-5.6.2\lib\ext\jmeter-plugins-casutg-2.10.jar with filter ExtendsClassFilter [parents=[interface org.apache.jmeter.visualizers.ResultRenderer], inner=false, contains=null, notContains=null]. Consider exposing JMeter plugins via META-INF/services, and add JMeter-Skip-Class-Scanning=true manifest attribute so JMeter can skip classfile scanning
2025-10-28 14:45:11,732 INFO o.a.j.r.ClassFinder: Will scan jar C:\Users\geet.mehta\Downloads\apache-jmeter-5.6.2\lib\ext\jmeter-plugins-cmn-jmeter-0.7.jar with filter ExtendsClassFilter [parents=[interface org.apache.jmeter.visualizers.ResultRenderer], inner=false, contains=null, notContains=null]. Consider exposing JMeter plugins via META-INF/services, and add JMeter-Skip-Class-Scanning=true manifest attribute so JMeter can skip classfile scanning
2025-10-28 14:45:11,732 INFO o.a.j.r.ClassFinder: Will scan jar C:\Users\geet.mehta\Downloads\apache-jmeter-5.6.2\lib\ext\opencsv-5.9.jar with filter ExtendsClassFilter [parents=[interface org.apache.jmeter.visualizers.ResultRenderer], inner=false, contains=null, notContains=null]. Consider exposing JMeter plugins via META-INF/services, and add JMeter-Skip-Class-Scanning=true manifest attribute so JMeter can skip classfile scanning
2025-10-28 14:45:11,734 INFO o.a.j.r.ClassFinder: Will scan jar C:\Users\geet.mehta\Downloads\apache-jmeter-5.6.2\lib\ext\jmeter-plugins-table-server-4.0.jar with filter ExtendsClassFilter [parents=[interface org.apache.jmeter.visualizers.ResultRenderer], inner=false, contains=null, notContains=null]. Consider exposing JMeter plugins via META-INF/services, and add JMeter-Skip-Class-Scanning=true manifest attribute so JMeter can skip classfile scanning
2025-10-28 14:45:11,736 INFO o.a.j.r.ClassFinder: Will scan jar C:\Users\geet.mehta\Downloads\apache-jmeter-5.6.2\lib\ext\xtn5250-3.2.4.jar with filter ExtendsClassFilter [parents=[interface org.apache.jmeter.visualizers.ResultRenderer], inner=false, contains=null, notContains=null]. Consider exposing JMeter plugins via META-INF/services, and add JMeter-Skip-Class-Scanning=true manifest attribute so JMeter can skip classfile scanning
2025-10-28 14:45:11,738 INFO o.a.j.r.ClassFinder: Will scan jar C:\Users\geet.mehta\Downloads\apache-jmeter-5.6.2\lib\ext\jmeter-plugins-random-csv-data-set-0.8.jar with filter ExtendsClassFilter [parents=[interface org.apache.jmeter.visualizers.ResultRenderer], inner=false, contains=null, notContains=null]. Consider exposing JMeter plugins via META-INF/services, and add JMeter-Skip-Class-Scanning=true manifest attribute so JMeter can skip classfile scanning
2025-10-28 14:45:11,738 INFO o.a.j.r.ClassFinder: Will scan jar C:\Users\geet.mehta\Downloads\apache-jmeter-5.6.2\lib\ext\jmeter.backendlistener.kafka-1.0.0.jar with filter ExtendsClassFilter [parents=[interface org.apache.jmeter.visualizers.ResultRenderer], inner=false, contains=null, notContains=null]. Consider exposing JMeter plugins via META-INF/services, and add JMeter-Skip-Class-Scanning=true manifest attribute so JMeter can skip classfile scanning
2025-10-28 14:45:11,748 INFO o.a.j.r.ClassFinder: Will scan jar C:\Users\geet.mehta\Downloads\apache-jmeter-5.6.2\lib\ext\jVT220-1.3.2.jar with filter ExtendsClassFilter [parents=[interface org.apache.jmeter.visualizers.ResultRenderer], inner=false, contains=null, notContains=null]. Consider exposing JMeter plugins via META-INF/services, and add JMeter-Skip-Class-Scanning=true manifest attribute so JMeter can skip classfile scanning
2025-10-28 14:45:11,750 INFO o.a.j.r.ClassFinder: Will scan jar C:\Users\geet.mehta\Downloads\apache-jmeter-5.6.2\lib\ext\jmeter-plugins-dummy-0.4.jar with filter ExtendsClassFilter [parents=[interface org.apache.jmeter.visualizers.ResultRenderer], inner=false, contains=null, notContains=null]. Consider exposing JMeter plugins via META-INF/services, and add JMeter-Skip-Class-Scanning=true manifest attribute so JMeter can skip classfile scanning
2025-10-28 14:45:11,750 INFO o.a.j.r.ClassFinder: Will scan jar C:\Users\geet.mehta\Downloads\apache-jmeter-5.6.2\lib\ext\di-extended-csv-1.1 (2).jar with filter ExtendsClassFilter [parents=[interface org.apache.jmeter.visualizers.ResultRenderer], inner=false, contains=null, notContains=null]. Consider exposing JMeter plugins via META-INF/services, and add JMeter-Skip-Class-Scanning=true manifest attribute so JMeter can skip classfile scanning
2025-10-28 14:45:11,752 INFO o.a.j.r.ClassFinder: Will scan jar C:\Users\geet.mehta\Downloads\apache-jmeter-5.6.2\lib\ext\jmeter-plugins-manager-1.7.jar with filter ExtendsClassFilter [parents=[interface org.apache.jmeter.visualizers.ResultRenderer], inner=false, contains=null, notContains=null]. Consider exposing JMeter plugins via META-INF/services, and add JMeter-Skip-Class-Scanning=true manifest attribute so JMeter can skip classfile scanning
2025-10-28 14:45:11,759 INFO o.a.j.r.ClassFinder: Will scan jar C:\Users\geet.mehta\Downloads\apache-jmeter-5.6.2\lib\ext\di-extended-csv-2.2 (3).jar with filter ExtendsClassFilter [parents=[interface org.apache.jmeter.visualizers.ResultRenderer], inner=false, contains=null, notContains=null]. Consider exposing JMeter plugins via META-INF/services, and add JMeter-Skip-Class-Scanning=true manifest attribute so JMeter can skip classfile scanning
2025-10-28 14:45:11,759 INFO o.a.j.r.ClassFinder: Will scan jar C:\Users\geet.mehta\Downloads\apache-jmeter-5.6.2\lib\ext\jmeter-plugins-manager-1.10.jar with filter ExtendsClassFilter [parents=[interface org.apache.jmeter.visualizers.ResultRenderer], inner=false, contains=null, notContains=null]. Consider exposing JMeter plugins via META-INF/services, and add JMeter-Skip-Class-Scanning=true manifest attribute so JMeter can skip classfile scanning
2025-10-28 14:45:11,761 INFO o.a.j.r.ClassFinder: Will scan jar C:\Users\geet.mehta\Downloads\apache-jmeter-5.6.2\lib\ext\jmeter-plugins-functions-2.1.jar with filter ExtendsClassFilter [parents=[interface org.apache.jmeter.visualizers.ResultRenderer], inner=false, contains=null, notContains=null]. Consider exposing JMeter plugins via META-INF/services, and add JMeter-Skip-Class-Scanning=true manifest attribute so JMeter can skip classfile scanning
2025-10-28 14:45:11,763 INFO o.a.j.r.ClassFinder: Will scan jar C:\Users\geet.mehta\Downloads\apache-jmeter-5.6.2\lib\ext\jmeter-plugins-table-server-5.0.jar with filter ExtendsClassFilter [parents=[interface org.apache.jmeter.visualizers.ResultRenderer], inner=false, contains=null, notContains=null]. Consider exposing JMeter plugins via META-INF/services, and add JMeter-Skip-Class-Scanning=true manifest attribute so JMeter can skip classfile scanning
2025-10-28 14:45:11,792 INFO o.a.j.r.ClassFinder: Will scan jar C:\Users\geet.mehta\Downloads\apache-jmeter-5.6.2\lib\ext\jmeter-plugins-functions-2.2.jar with filter ExtendsClassFilter [parents=[interface org.apache.jmeter.visualizers.RequestView], inner=false, contains=null, notContains=null]. Consider exposing JMeter plugins via META-INF/services, and add JMeter-Skip-Class-Scanning=true manifest attribute so JMeter can skip classfile scanning
2025-10-28 14:45:11,794 INFO o.a.j.r.ClassFinder: Will scan jar C:\Users\geet.mehta\Downloads\apache-jmeter-5.6.2\lib\ext\bzm-repositories-plugin-1.3.jar with filter ExtendsClassFilter [parents=[interface org.apache.jmeter.visualizers.RequestView], inner=false, contains=null, notContains=null]. Consider exposing JMeter plugins via META-INF/services, and add JMeter-Skip-Class-Scanning=true manifest attribute so JMeter can skip classfile scanning
2025-10-28 14:45:11,803 INFO o.a.j.r.ClassFinder: Will scan jar C:\Users\geet.mehta\Downloads\apache-jmeter-5.6.2\lib\ext\postgresql-42.2.25.jar with filter ExtendsClassFilter [parents=[interface org.apache.jmeter.visualizers.RequestView], inner=false, contains=null, notContains=null]. Consider exposing JMeter plugins via META-INF/services, and add JMeter-Skip-Class-Scanning=true manifest attribute so JMeter can skip classfile scanning
2025-10-28 14:45:11,807 INFO o.a.j.r.ClassFinder: Will scan jar C:\Users\geet.mehta\Downloads\apache-jmeter-5.6.2\lib\ext\ojdbc8.jar with filter ExtendsClassFilter [parents=[interface org.apache.jmeter.visualizers.RequestView], inner=false, contains=null, notContains=null]. Consider exposing JMeter plugins via META-INF/services, and add JMeter-Skip-Class-Scanning=true manifest attribute so JMeter can skip classfile scanning
2025-10-28 14:45:11,825 INFO o.a.j.r.ClassFinder: Will scan jar C:\Users\geet.mehta\Downloads\apache-jmeter-5.6.2\lib\ext\gson-2.8.6.jar with filter ExtendsClassFilter [parents=[interface org.apache.jmeter.visualizers.RequestView], inner=false, contains=null, notContains=null]. Consider exposing JMeter plugins via META-INF/services, and add JMeter-Skip-Class-Scanning=true manifest attribute so JMeter can skip classfile scanning
2025-10-28 14:45:11,827 INFO o.a.j.r.ClassFinder: Will scan jar C:\Users\geet.mehta\Downloads\apache-jmeter-5.6.2\lib\ext\jmeter-bzm-rte-3.3.jar with filter ExtendsClassFilter [parents=[interface org.apache.jmeter.visualizers.RequestView], inner=false, contains=null, notContains=null]. Consider exposing JMeter plugins via META-INF/services, and add JMeter-Skip-Class-Scanning=true manifest attribute so JMeter can skip classfile scanning
2025-10-28 14:45:11,829 INFO o.a.j.r.ClassFinder: Will scan jar C:\Users\geet.mehta\Downloads\apache-jmeter-5.6.2\lib\ext\cmdrunner-2.3.jar with filter ExtendsClassFilter [parents=[interface org.apache.jmeter.visualizers.RequestView], inner=false, contains=null, notContains=null]. Consider exposing JMeter plugins via META-INF/services, and add JMeter-Skip-Class-Scanning=true manifest attribute so JMeter can skip classfile scanning
2025-10-28 14:45:11,829 INFO o.a.j.r.ClassFinder: Will scan jar C:\Users\geet.mehta\Downloads\apache-jmeter-5.6.2\lib\ext\jmeter-plugins-fifo-0.2.jar with filter ExtendsClassFilter [parents=[interface org.apache.jmeter.visualizers.RequestView], inner=false, contains=null, notContains=null]. Consider exposing JMeter plugins via META-INF/services, and add JMeter-Skip-Class-Scanning=true manifest attribute so JMeter can skip classfile scanning
2025-10-28 14:45:11,831 INFO o.a.j.r.ClassFinder: Will scan jar C:\Users\geet.mehta\Downloads\apache-jmeter-5.6.2\lib\ext\jmeter-plugins-json-2.7.jar with filter ExtendsClassFilter [parents=[interface org.apache.jmeter.visualizers.RequestView], inner=false, contains=null, notContains=null]. Consider exposing JMeter plugins via META-INF/services, and add JMeter-Skip-Class-Scanning=true manifest attribute so JMeter can skip classfile scanning
2025-10-28 14:45:11,831 INFO o.a.j.r.ClassFinder: Will scan jar C:\Users\geet.mehta\Downloads\apache-jmeter-5.6.2\lib\ext\dm3270-lib-0.15.jar with filter ExtendsClassFilter [parents=[interface org.apache.jmeter.visualizers.RequestView], inner=false, contains=null, notContains=null]. Consider exposing JMeter plugins via META-INF/services, and add JMeter-Skip-Class-Scanning=true manifest attribute so JMeter can skip classfile scanning
2025-10-28 14:45:11,833 INFO o.a.j.r.ClassFinder: Will scan jar C:\Users\geet.mehta\Downloads\apache-jmeter-5.6.2\lib\ext\jackson-module-jaxb-annotations-2.10.3.jar with filter ExtendsClassFilter [parents=[interface org.apache.jmeter.visualizers.RequestView], inner=false, contains=null, notContains=null]. Consider exposing JMeter plugins via META-INF/services, and add JMeter-Skip-Class-Scanning=true manifest attribute so JMeter can skip classfile scanning
2025-10-28 14:45:11,835 INFO o.a.j.r.ClassFinder: Will scan jar C:\Users\geet.mehta\Downloads\apache-jmeter-5.6.2\lib\ext\ivy-2.5.2.jar with filter ExtendsClassFilter [parents=[interface org.apache.jmeter.visualizers.RequestView], inner=false, contains=null, notContains=null]. Consider exposing JMeter plugins via META-INF/services, and add JMeter-Skip-Class-Scanning=true manifest attribute so JMeter can skip classfile scanning
2025-10-28 14:45:11,886 INFO o.a.j.r.ClassFinder: Will scan jar C:\Users\geet.mehta\Downloads\apache-jmeter-5.6.2\lib\ext\jmeter-pubsub-sampler-1.1.jar with filter ExtendsClassFilter [parents=[interface org.apache.jmeter.visualizers.RequestView], inner=false, contains=null, notContains=null]. Consider exposing JMeter plugins via META-INF/services, and add JMeter-Skip-Class-Scanning=true manifest attribute so JMeter can skip classfile scanning
2025-10-28 14:45:11,904 INFO o.a.j.r.ClassFinder: Will scan jar C:\Users\geet.mehta\Downloads\apache-jmeter-5.6.2\lib\ext\di-extended-csv-2.2.jar with filter ExtendsClassFilter [parents=[interface org.apache.jmeter.visualizers.RequestView], inner=false, contains=null, notContains=null]. Consider exposing JMeter plugins via META-INF/services, and add JMeter-Skip-Class-Scanning=true manifest attribute so JMeter can skip classfile scanning
2025-10-28 14:45:11,904 INFO o.a.j.r.ClassFinder: Will scan jar C:\Users\geet.mehta\Downloads\apache-jmeter-5.6.2\lib\ext\jmeter-plugins-casutg-2.10.jar with filter ExtendsClassFilter [parents=[interface org.apache.jmeter.visualizers.RequestView], inner=false, contains=null, notContains=null]. Consider exposing JMeter plugins via META-INF/services, and add JMeter-Skip-Class-Scanning=true manifest attribute so JMeter can skip classfile scanning
2025-10-28 14:45:11,904 INFO o.a.j.r.ClassFinder: Will scan jar C:\Users\geet.mehta\Downloads\apache-jmeter-5.6.2\lib\ext\jmeter-plugins-cmn-jmeter-0.7.jar with filter ExtendsClassFilter [parents=[interface org.apache.jmeter.visualizers.RequestView], inner=false, contains=null, notContains=null]. Consider exposing JMeter plugins via META-INF/services, and add JMeter-Skip-Class-Scanning=true manifest attribute so JMeter can skip classfile scanning
2025-10-28 14:45:11,906 INFO o.a.j.r.ClassFinder: Will scan jar C:\Users\geet.mehta\Downloads\apache-jmeter-5.6.2\lib\ext\opencsv-5.9.jar with filter ExtendsClassFilter [parents=[interface org.apache.jmeter.visualizers.RequestView], inner=false, contains=null, notContains=null]. Consider exposing JMeter plugins via META-INF/services, and add JMeter-Skip-Class-Scanning=true manifest attribute so JMeter can skip classfile scanning
2025-10-28 14:45:11,908 INFO o.a.j.r.ClassFinder: Will scan jar C:\Users\geet.mehta\Downloads\apache-jmeter-5.6.2\lib\ext\jmeter-plugins-table-server-4.0.jar with filter ExtendsClassFilter [parents=[interface org.apache.jmeter.visualizers.RequestView], inner=false, contains=null, notContains=null]. Consider exposing JMeter plugins via META-INF/services, and add JMeter-Skip-Class-Scanning=true manifest attribute so JMeter can skip classfile scanning
2025-10-28 14:45:11,908 INFO o.a.j.r.ClassFinder: Will scan jar C:\Users\geet.mehta\Downloads\apache-jmeter-5.6.2\lib\ext\xtn5250-3.2.4.jar with filter ExtendsClassFilter [parents=[interface org.apache.jmeter.visualizers.RequestView], inner=false, contains=null, notContains=null]. Consider exposing JMeter plugins via META-INF/services, and add JMeter-Skip-Class-Scanning=true manifest attribute so JMeter can skip classfile scanning
2025-10-28 14:45:11,910 INFO o.a.j.r.ClassFinder: Will scan jar C:\Users\geet.mehta\Downloads\apache-jmeter-5.6.2\lib\ext\jmeter-plugins-random-csv-data-set-0.8.jar with filter ExtendsClassFilter [parents=[interface org.apache.jmeter.visualizers.RequestView], inner=false, contains=null, notContains=null]. Consider exposing JMeter plugins via META-INF/services, and add JMeter-Skip-Class-Scanning=true manifest attribute so JMeter can skip classfile scanning
2025-10-28 14:45:11,910 INFO o.a.j.r.ClassFinder: Will scan jar C:\Users\geet.mehta\Downloads\apache-jmeter-5.6.2\lib\ext\jmeter.backendlistener.kafka-1.0.0.jar with filter ExtendsClassFilter [parents=[interface org.apache.jmeter.visualizers.RequestView], inner=false, contains=null, notContains=null]. Consider exposing JMeter plugins via META-INF/services, and add JMeter-Skip-Class-Scanning=true manifest attribute so JMeter can skip classfile scanning
2025-10-28 14:45:11,920 INFO o.a.j.r.ClassFinder: Will scan jar C:\Users\geet.mehta\Downloads\apache-jmeter-5.6.2\lib\ext\jVT220-1.3.2.jar with filter ExtendsClassFilter [parents=[interface org.apache.jmeter.visualizers.RequestView], inner=false, contains=null, notContains=null]. Consider exposing JMeter plugins via META-INF/services, and add JMeter-Skip-Class-Scanning=true manifest attribute so JMeter can skip classfile scanning
2025-10-28 14:45:11,920 INFO o.a.j.r.ClassFinder: Will scan jar C:\Users\geet.mehta\Downloads\apache-jmeter-5.6.2\lib\ext\jmeter-plugins-dummy-0.4.jar with filter ExtendsClassFilter [parents=[interface org.apache.jmeter.visualizers.RequestView], inner=false, contains=null, notContains=null]. Consider exposing JMeter plugins via META-INF/services, and add JMeter-Skip-Class-Scanning=true manifest attribute so JMeter can skip classfile scanning
2025-10-28 14:45:11,922 INFO o.a.j.r.ClassFinder: Will scan jar C:\Users\geet.mehta\Downloads\apache-jmeter-5.6.2\lib\ext\di-extended-csv-1.1 (2).jar with filter ExtendsClassFilter [parents=[interface org.apache.jmeter.visualizers.RequestView], inner=false, contains=null, notContains=null]. Consider exposing JMeter plugins via META-INF/services, and add JMeter-Skip-Class-Scanning=true manifest attribute so JMeter can skip classfile scanning
2025-10-28 14:45:11,922 INFO o.a.j.r.ClassFinder: Will scan jar C:\Users\geet.mehta\Downloads\apache-jmeter-5.6.2\lib\ext\jmeter-plugins-manager-1.7.jar with filter ExtendsClassFilter [parents=[interface org.apache.jmeter.visualizers.RequestView], inner=false, contains=null, notContains=null]. Consider exposing JMeter plugins via META-INF/services, and add JMeter-Skip-Class-Scanning=true manifest attribute so JMeter can skip classfile scanning
2025-10-28 14:45:11,932 INFO o.a.j.r.ClassFinder: Will scan jar C:\Users\geet.mehta\Downloads\apache-jmeter-5.6.2\lib\ext\di-extended-csv-2.2 (3).jar with filter ExtendsClassFilter [parents=[interface org.apache.jmeter.visualizers.RequestView], inner=false, contains=null, notContains=null]. Consider exposing JMeter plugins via META-INF/services, and add JMeter-Skip-Class-Scanning=true manifest attribute so JMeter can skip classfile scanning
2025-10-28 14:45:11,933 INFO o.a.j.r.ClassFinder: Will scan jar C:\Users\geet.mehta\Downloads\apache-jmeter-5.6.2\lib\ext\jmeter-plugins-manager-1.10.jar with filter ExtendsClassFilter [parents=[interface org.apache.jmeter.visualizers.RequestView], inner=false, contains=null, notContains=null]. Consider exposing JMeter plugins via META-INF/services, and add JMeter-Skip-Class-Scanning=true manifest attribute so JMeter can skip classfile scanning
2025-10-28 14:45:11,934 INFO o.a.j.r.ClassFinder: Will scan jar C:\Users\geet.mehta\Downloads\apache-jmeter-5.6.2\lib\ext\jmeter-plugins-functions-2.1.jar with filter ExtendsClassFilter [parents=[interface org.apache.jmeter.visualizers.RequestView], inner=false, contains=null, notContains=null]. Consider exposing JMeter plugins via META-INF/services, and add JMeter-Skip-Class-Scanning=true manifest attribute so JMeter can skip classfile scanning
2025-10-28 14:45:11,935 INFO o.a.j.r.ClassFinder: Will scan jar C:\Users\geet.mehta\Downloads\apache-jmeter-5.6.2\lib\ext\jmeter-plugins-table-server-5.0.jar with filter ExtendsClassFilter [parents=[interface org.apache.jmeter.visualizers.RequestView], inner=false, contains=null, notContains=null]. Consider exposing JMeter plugins via META-INF/services, and add JMeter-Skip-Class-Scanning=true manifest attribute so JMeter can skip classfile scanning
2025-10-28 14:45:12,129 INFO o.a.j.r.ClassFinder: Will scan jar C:\Users\geet.mehta\Downloads\apache-jmeter-5.6.2\lib\ext\jmeter-plugins-functions-2.2.jar with filter ExtendsClassFilter [parents=[interface org.apache.jmeter.visualizers.ResultRenderer], inner=false, contains=null, notContains=null]. Consider exposing JMeter plugins via META-INF/services, and add JMeter-Skip-Class-Scanning=true manifest attribute so JMeter can skip classfile scanning
2025-10-28 14:45:12,131 INFO o.a.j.r.ClassFinder: Will scan jar C:\Users\geet.mehta\Downloads\apache-jmeter-5.6.2\lib\ext\bzm-repositories-plugin-1.3.jar with filter ExtendsClassFilter [parents=[interface org.apache.jmeter.visualizers.ResultRenderer], inner=false, contains=null, notContains=null]. Consider exposing JMeter plugins via META-INF/services, and add JMeter-Skip-Class-Scanning=true manifest attribute so JMeter can skip classfile scanning
2025-10-28 14:45:12,135 INFO o.a.j.r.ClassFinder: Will scan jar C:\Users\geet.mehta\Downloads\apache-jmeter-5.6.2\lib\ext\postgresql-42.2.25.jar with filter ExtendsClassFilter [parents=[interface org.apache.jmeter.visualizers.ResultRenderer], inner=false, contains=null, notContains=null]. Consider exposing JMeter plugins via META-INF/services, and add JMeter-Skip-Class-Scanning=true manifest attribute so JMeter can skip classfile scanning
2025-10-28 14:45:12,141 INFO o.a.j.r.ClassFinder: Will scan jar C:\Users\geet.mehta\Downloads\apache-jmeter-5.6.2\lib\ext\ojdbc8.jar with filter ExtendsClassFilter [parents=[interface org.apache.jmeter.visualizers.ResultRenderer], inner=false, contains=null, notContains=null]. Consider exposing JMeter plugins via META-INF/services, and add JMeter-Skip-Class-Scanning=true manifest attribute so JMeter can skip classfile scanning
2025-10-28 14:45:12,159 INFO o.a.j.r.ClassFinder: Will scan jar C:\Users\geet.mehta\Downloads\apache-jmeter-5.6.2\lib\ext\gson-2.8.6.jar with filter ExtendsClassFilter [parents=[interface org.apache.jmeter.visualizers.ResultRenderer], inner=false, contains=null, notContains=null]. Consider exposing JMeter plugins via META-INF/services, and add JMeter-Skip-Class-Scanning=true manifest attribute so JMeter can skip classfile scanning
2025-10-28 14:45:12,159 INFO o.a.j.r.ClassFinder: Will scan jar C:\Users\geet.mehta\Downloads\apache-jmeter-5.6.2\lib\ext\jmeter-bzm-rte-3.3.jar with filter ExtendsClassFilter [parents=[interface org.apache.jmeter.visualizers.ResultRenderer], inner=false, contains=null, notContains=null]. Consider exposing JMeter plugins via META-INF/services, and add JMeter-Skip-Class-Scanning=true manifest attribute so JMeter can skip classfile scanning
2025-10-28 14:45:12,161 INFO o.a.j.r.ClassFinder: Will scan jar C:\Users\geet.mehta\Downloads\apache-jmeter-5.6.2\lib\ext\cmdrunner-2.3.jar with filter ExtendsClassFilter [parents=[interface org.apache.jmeter.visualizers.ResultRenderer], inner=false, contains=null, notContains=null]. Consider exposing JMeter plugins via META-INF/services, and add JMeter-Skip-Class-Scanning=true manifest attribute so JMeter can skip classfile scanning
2025-10-28 14:45:12,161 INFO o.a.j.r.ClassFinder: Will scan jar C:\Users\geet.mehta\Downloads\apache-jmeter-5.6.2\lib\ext\jmeter-plugins-fifo-0.2.jar with filter ExtendsClassFilter [parents=[interface org.apache.jmeter.visualizers.ResultRenderer], inner=false, contains=null, notContains=null]. Consider exposing JMeter plugins via META-INF/services, and add JMeter-Skip-Class-Scanning=true manifest attribute so JMeter can skip classfile scanning
2025-10-28 14:45:12,163 INFO o.a.j.r.ClassFinder: Will scan jar C:\Users\geet.mehta\Downloads\apache-jmeter-5.6.2\lib\ext\jmeter-plugins-json-2.7.jar with filter ExtendsClassFilter [parents=[interface org.apache.jmeter.visualizers.ResultRenderer], inner=false, contains=null, notContains=null]. Consider exposing JMeter plugins via META-INF/services, and add JMeter-Skip-Class-Scanning=true manifest attribute so JMeter can skip classfile scanning
2025-10-28 14:45:12,163 INFO o.a.j.r.ClassFinder: Will scan jar C:\Users\geet.mehta\Downloads\apache-jmeter-5.6.2\lib\ext\dm3270-lib-0.15.jar with filter ExtendsClassFilter [parents=[interface org.apache.jmeter.visualizers.ResultRenderer], inner=false, contains=null, notContains=null]. Consider exposing JMeter plugins via META-INF/services, and add JMeter-Skip-Class-Scanning=true manifest attribute so JMeter can skip classfile scanning
2025-10-28 14:45:12,165 INFO o.a.j.r.ClassFinder: Will scan jar C:\Users\geet.mehta\Downloads\apache-jmeter-5.6.2\lib\ext\jackson-module-jaxb-annotations-2.10.3.jar with filter ExtendsClassFilter [parents=[interface org.apache.jmeter.visualizers.ResultRenderer], inner=false, contains=null, notContains=null]. Consider exposing JMeter plugins via META-INF/services, and add JMeter-Skip-Class-Scanning=true manifest attribute so JMeter can skip classfile scanning
2025-10-28 14:45:12,165 INFO o.a.j.r.ClassFinder: Will scan jar C:\Users\geet.mehta\Downloads\apache-jmeter-5.6.2\lib\ext\ivy-2.5.2.jar with filter ExtendsClassFilter [parents=[interface org.apache.jmeter.visualizers.ResultRenderer], inner=false, contains=null, notContains=null]. Consider exposing JMeter plugins via META-INF/services, and add JMeter-Skip-Class-Scanning=true manifest attribute so JMeter can skip classfile scanning
2025-10-28 14:45:12,225 INFO o.a.j.r.ClassFinder: Will scan jar C:\Users\geet.mehta\Downloads\apache-jmeter-5.6.2\lib\ext\jmeter-pubsub-sampler-1.1.jar with filter ExtendsClassFilter [parents=[interface org.apache.jmeter.visualizers.ResultRenderer], inner=false, contains=null, notContains=null]. Consider exposing JMeter plugins via META-INF/services, and add JMeter-Skip-Class-Scanning=true manifest attribute so JMeter can skip classfile scanning
2025-10-28 14:45:12,241 INFO o.a.j.r.ClassFinder: Will scan jar C:\Users\geet.mehta\Downloads\apache-jmeter-5.6.2\lib\ext\di-extended-csv-2.2.jar with filter ExtendsClassFilter [parents=[interface org.apache.jmeter.visualizers.ResultRenderer], inner=false, contains=null, notContains=null]. Consider exposing JMeter plugins via META-INF/services, and add JMeter-Skip-Class-Scanning=true manifest attribute so JMeter can skip classfile scanning
2025-10-28 14:45:12,243 INFO o.a.j.r.ClassFinder: Will scan jar C:\Users\geet.mehta\Downloads\apache-jmeter-5.6.2\lib\ext\jmeter-plugins-casutg-2.10.jar with filter ExtendsClassFilter [parents=[interface org.apache.jmeter.visualizers.ResultRenderer], inner=false, contains=null, notContains=null]. Consider exposing JMeter plugins via META-INF/services, and add JMeter-Skip-Class-Scanning=true manifest attribute so JMeter can skip classfile scanning
2025-10-28 14:45:12,243 INFO o.a.j.r.ClassFinder: Will scan jar C:\Users\geet.mehta\Downloads\apache-jmeter-5.6.2\lib\ext\jmeter-plugins-cmn-jmeter-0.7.jar with filter ExtendsClassFilter [parents=[interface org.apache.jmeter.visualizers.ResultRenderer], inner=false, contains=null, notContains=null]. Consider exposing JMeter plugins via META-INF/services, and add JMeter-Skip-Class-Scanning=true manifest attribute so JMeter can skip classfile scanning
2025-10-28 14:45:12,245 INFO o.a.j.r.ClassFinder: Will scan jar C:\Users\geet.mehta\Downloads\apache-jmeter-5.6.2\lib\ext\opencsv-5.9.jar with filter ExtendsClassFilter [parents=[interface org.apache.jmeter.visualizers.ResultRenderer], inner=false, contains=null, notContains=null]. Consider exposing JMeter plugins via META-INF/services, and add JMeter-Skip-Class-Scanning=true manifest attribute so JMeter can skip classfile scanning
2025-10-28 14:45:12,245 INFO o.a.j.r.ClassFinder: Will scan jar C:\Users\geet.mehta\Downloads\apache-jmeter-5.6.2\lib\ext\jmeter-plugins-table-server-4.0.jar with filter ExtendsClassFilter [parents=[interface org.apache.jmeter.visualizers.ResultRenderer], inner=false, contains=null, notContains=null]. Consider exposing JMeter plugins via META-INF/services, and add JMeter-Skip-Class-Scanning=true manifest attribute so JMeter can skip classfile scanning
2025-10-28 14:45:12,247 INFO o.a.j.r.ClassFinder: Will scan jar C:\Users\geet.mehta\Downloads\apache-jmeter-5.6.2\lib\ext\xtn5250-3.2.4.jar with filter ExtendsClassFilter [parents=[interface org.apache.jmeter.visualizers.ResultRenderer], inner=false, contains=null, notContains=null]. Consider exposing JMeter plugins via META-INF/services, and add JMeter-Skip-Class-Scanning=true manifest attribute so JMeter can skip classfile scanning
2025-10-28 14:45:12,248 INFO o.a.j.r.ClassFinder: Will scan jar C:\Users\geet.mehta\Downloads\apache-jmeter-5.6.2\lib\ext\jmeter-plugins-random-csv-data-set-0.8.jar with filter ExtendsClassFilter [parents=[interface org.apache.jmeter.visualizers.ResultRenderer], inner=false, contains=null, notContains=null]. Consider exposing JMeter plugins via META-INF/services, and add JMeter-Skip-Class-Scanning=true manifest attribute so JMeter can skip classfile scanning
2025-10-28 14:45:12,248 INFO o.a.j.r.ClassFinder: Will scan jar C:\Users\geet.mehta\Downloads\apache-jmeter-5.6.2\lib\ext\jmeter.backendlistener.kafka-1.0.0.jar with filter ExtendsClassFilter [parents=[interface org.apache.jmeter.visualizers.ResultRenderer], inner=false, contains=null, notContains=null]. Consider exposing JMeter plugins via META-INF/services, and add JMeter-Skip-Class-Scanning=true manifest attribute so JMeter can skip classfile scanning
2025-10-28 14:45:12,258 INFO o.a.j.r.ClassFinder: Will scan jar C:\Users\geet.mehta\Downloads\apache-jmeter-5.6.2\lib\ext\jVT220-1.3.2.jar with filter ExtendsClassFilter [parents=[interface org.apache.jmeter.visualizers.ResultRenderer], inner=false, contains=null, notContains=null]. Consider exposing JMeter plugins via META-INF/services, and add JMeter-Skip-Class-Scanning=true manifest attribute so JMeter can skip classfile scanning
2025-10-28 14:45:12,258 INFO o.a.j.r.ClassFinder: Will scan jar C:\Users\geet.mehta\Downloads\apache-jmeter-5.6.2\lib\ext\jmeter-plugins-dummy-0.4.jar with filter ExtendsClassFilter [parents=[interface org.apache.jmeter.visualizers.ResultRenderer], inner=false, contains=null, notContains=null]. Consider exposing JMeter plugins via META-INF/services, and add JMeter-Skip-Class-Scanning=true manifest attribute so JMeter can skip classfile scanning
2025-10-28 14:45:12,260 INFO o.a.j.r.ClassFinder: Will scan jar C:\Users\geet.mehta\Downloads\apache-jmeter-5.6.2\lib\ext\di-extended-csv-1.1 (2).jar with filter ExtendsClassFilter [parents=[interface org.apache.jmeter.visualizers.ResultRenderer], inner=false, contains=null, notContains=null]. Consider exposing JMeter plugins via META-INF/services, and add JMeter-Skip-Class-Scanning=true manifest attribute so JMeter can skip classfile scanning
2025-10-28 14:45:12,260 INFO o.a.j.r.ClassFinder: Will scan jar C:\Users\geet.mehta\Downloads\apache-jmeter-5.6.2\lib\ext\jmeter-plugins-manager-1.7.jar with filter ExtendsClassFilter [parents=[interface org.apache.jmeter.visualizers.ResultRenderer], inner=false, contains=null, notContains=null]. Consider exposing JMeter plugins via META-INF/services, and add JMeter-Skip-Class-Scanning=true manifest attribute so JMeter can skip classfile scanning
2025-10-28 14:45:12,268 INFO o.a.j.r.ClassFinder: Will scan jar C:\Users\geet.mehta\Downloads\apache-jmeter-5.6.2\lib\ext\di-extended-csv-2.2 (3).jar with filter ExtendsClassFilter [parents=[interface org.apache.jmeter.visualizers.ResultRenderer], inner=false, contains=null, notContains=null]. Consider exposing JMeter plugins via META-INF/services, and add JMeter-Skip-Class-Scanning=true manifest attribute so JMeter can skip classfile scanning
2025-10-28 14:45:12,270 INFO o.a.j.r.ClassFinder: Will scan jar C:\Users\geet.mehta\Downloads\apache-jmeter-5.6.2\lib\ext\jmeter-plugins-manager-1.10.jar with filter ExtendsClassFilter [parents=[interface org.apache.jmeter.visualizers.ResultRenderer], inner=false, contains=null, notContains=null]. Consider exposing JMeter plugins via META-INF/services, and add JMeter-Skip-Class-Scanning=true manifest attribute so JMeter can skip classfile scanning
2025-10-28 14:45:12,270 INFO o.a.j.r.ClassFinder: Will scan jar C:\Users\geet.mehta\Downloads\apache-jmeter-5.6.2\lib\ext\jmeter-plugins-functions-2.1.jar with filter ExtendsClassFilter [parents=[interface org.apache.jmeter.visualizers.ResultRenderer], inner=false, contains=null, notContains=null]. Consider exposing JMeter plugins via META-INF/services, and add JMeter-Skip-Class-Scanning=true manifest attribute so JMeter can skip classfile scanning
2025-10-28 14:45:12,272 INFO o.a.j.r.ClassFinder: Will scan jar C:\Users\geet.mehta\Downloads\apache-jmeter-5.6.2\lib\ext\jmeter-plugins-table-server-5.0.jar with filter ExtendsClassFilter [parents=[interface org.apache.jmeter.visualizers.ResultRenderer], inner=false, contains=null, notContains=null]. Consider exposing JMeter plugins via META-INF/services, and add JMeter-Skip-Class-Scanning=true manifest attribute so JMeter can skip classfile scanning
2025-10-28 14:45:12,286 INFO o.a.j.r.ClassFinder: Will scan jar C:\Users\geet.mehta\Downloads\apache-jmeter-5.6.2\lib\ext\jmeter-plugins-functions-2.2.jar with filter ExtendsClassFilter [parents=[interface org.apache.jmeter.visualizers.RequestView], inner=false, contains=null, notContains=null]. Consider exposing JMeter plugins via META-INF/services, and add JMeter-Skip-Class-Scanning=true manifest attribute so JMeter can skip classfile scanning
2025-10-28 14:45:12,288 INFO o.a.j.r.ClassFinder: Will scan jar C:\Users\geet.mehta\Downloads\apache-jmeter-5.6.2\lib\ext\bzm-repositories-plugin-1.3.jar with filter ExtendsClassFilter [parents=[interface org.apache.jmeter.visualizers.RequestView], inner=false, contains=null, notContains=null]. Consider exposing JMeter plugins via META-INF/services, and add JMeter-Skip-Class-Scanning=true manifest attribute so JMeter can skip classfile scanning
2025-10-28 14:45:12,294 INFO o.a.j.r.ClassFinder: Will scan jar C:\Users\geet.mehta\Downloads\apache-jmeter-5.6.2\lib\ext\postgresql-42.2.25.jar with filter ExtendsClassFilter [parents=[interface org.apache.jmeter.visualizers.RequestView], inner=false, contains=null, notContains=null]. Consider exposing JMeter plugins via META-INF/services, and add JMeter-Skip-Class-Scanning=true manifest attribute so JMeter can skip classfile scanning
2025-10-28 14:45:12,300 INFO o.a.j.r.ClassFinder: Will scan jar C:\Users\geet.mehta\Downloads\apache-jmeter-5.6.2\lib\ext\ojdbc8.jar with filter ExtendsClassFilter [parents=[interface org.apache.jmeter.visualizers.RequestView], inner=false, contains=null, notContains=null]. Consider exposing JMeter plugins via META-INF/services, and add JMeter-Skip-Class-Scanning=true manifest attribute so JMeter can skip classfile scanning
2025-10-28 14:45:12,317 INFO o.a.j.r.ClassFinder: Will scan jar C:\Users\geet.mehta\Downloads\apache-jmeter-5.6.2\lib\ext\gson-2.8.6.jar with filter ExtendsClassFilter [parents=[interface org.apache.jmeter.visualizers.RequestView], inner=false, contains=null, notContains=null]. Consider exposing JMeter plugins via META-INF/services, and add JMeter-Skip-Class-Scanning=true manifest attribute so JMeter can skip classfile scanning
2025-10-28 14:45:12,318 INFO o.a.j.r.ClassFinder: Will scan jar C:\Users\geet.mehta\Downloads\apache-jmeter-5.6.2\lib\ext\jmeter-bzm-rte-3.3.jar with filter ExtendsClassFilter [parents=[interface org.apache.jmeter.visualizers.RequestView], inner=false, contains=null, notContains=null]. Consider exposing JMeter plugins via META-INF/services, and add JMeter-Skip-Class-Scanning=true manifest attribute so JMeter can skip classfile scanning
2025-10-28 14:45:12,319 INFO o.a.j.r.ClassFinder: Will scan jar C:\Users\geet.mehta\Downloads\apache-jmeter-5.6.2\lib\ext\cmdrunner-2.3.jar with filter ExtendsClassFilter [parents=[interface org.apache.jmeter.visualizers.RequestView], inner=false, contains=null, notContains=null]. Consider exposing JMeter plugins via META-INF/services, and add JMeter-Skip-Class-Scanning=true manifest attribute so JMeter can skip classfile scanning
2025-10-28 14:45:12,320 INFO o.a.j.r.ClassFinder: Will scan jar C:\Users\geet.mehta\Downloads\apache-jmeter-5.6.2\lib\ext\jmeter-plugins-fifo-0.2.jar with filter ExtendsClassFilter [parents=[interface org.apache.jmeter.visualizers.RequestView], inner=false, contains=null, notContains=null]. Consider exposing JMeter plugins via META-INF/services, and add JMeter-Skip-Class-Scanning=true manifest attribute so JMeter can skip classfile scanning
2025-10-28 14:45:12,322 INFO o.a.j.r.ClassFinder: Will scan jar C:\Users\geet.mehta\Downloads\apache-jmeter-5.6.2\lib\ext\jmeter-plugins-json-2.7.jar with filter ExtendsClassFilter [parents=[interface org.apache.jmeter.visualizers.RequestView], inner=false, contains=null, notContains=null]. Consider exposing JMeter plugins via META-INF/services, and add JMeter-Skip-Class-Scanning=true manifest attribute so JMeter can skip classfile scanning
2025-10-28 14:45:12,323 INFO o.a.j.r.ClassFinder: Will scan jar C:\Users\geet.mehta\Downloads\apache-jmeter-5.6.2\lib\ext\dm3270-lib-0.15.jar with filter ExtendsClassFilter [parents=[interface org.apache.jmeter.visualizers.RequestView], inner=false, contains=null, notContains=null]. Consider exposing JMeter plugins via META-INF/services, and add JMeter-Skip-Class-Scanning=true manifest attribute so JMeter can skip classfile scanning
2025-10-28 14:45:12,323 INFO o.a.j.r.ClassFinder: Will scan jar C:\Users\geet.mehta\Downloads\apache-jmeter-5.6.2\lib\ext\jackson-module-jaxb-annotations-2.10.3.jar with filter ExtendsClassFilter [parents=[interface org.apache.jmeter.visualizers.RequestView], inner=false, contains=null, notContains=null]. Consider exposing JMeter plugins via META-INF/services, and add JMeter-Skip-Class-Scanning=true manifest attribute so JMeter can skip classfile scanning
2025-10-28 14:45:12,325 INFO o.a.j.r.ClassFinder: Will scan jar C:\Users\geet.mehta\Downloads\apache-jmeter-5.6.2\lib\ext\ivy-2.5.2.jar with filter ExtendsClassFilter [parents=[interface org.apache.jmeter.visualizers.RequestView], inner=false, contains=null, notContains=null]. Consider exposing JMeter plugins via META-INF/services, and add JMeter-Skip-Class-Scanning=true manifest attribute so JMeter can skip classfile scanning
2025-10-28 14:45:12,389 INFO o.a.j.r.ClassFinder: Will scan jar C:\Users\geet.mehta\Downloads\apache-jmeter-5.6.2\lib\ext\jmeter-pubsub-sampler-1.1.jar with filter ExtendsClassFilter [parents=[interface org.apache.jmeter.visualizers.RequestView], inner=false, contains=null, notContains=null]. Consider exposing JMeter plugins via META-INF/services, and add JMeter-Skip-Class-Scanning=true manifest attribute so JMeter can skip classfile scanning
2025-10-28 14:45:12,403 INFO o.a.j.r.ClassFinder: Will scan jar C:\Users\geet.mehta\Downloads\apache-jmeter-5.6.2\lib\ext\di-extended-csv-2.2.jar with filter ExtendsClassFilter [parents=[interface org.apache.jmeter.visualizers.RequestView], inner=false, contains=null, notContains=null]. Consider exposing JMeter plugins via META-INF/services, and add JMeter-Skip-Class-Scanning=true manifest attribute so JMeter can skip classfile scanning
2025-10-28 14:45:12,404 INFO o.a.j.r.ClassFinder: Will scan jar C:\Users\geet.mehta\Downloads\apache-jmeter-5.6.2\lib\ext\jmeter-plugins-casutg-2.10.jar with filter ExtendsClassFilter [parents=[interface org.apache.jmeter.visualizers.RequestView], inner=false, contains=null, notContains=null]. Consider exposing JMeter plugins via META-INF/services, and add JMeter-Skip-Class-Scanning=true manifest attribute so JMeter can skip classfile scanning
2025-10-28 14:45:12,405 INFO o.a.j.r.ClassFinder: Will scan jar C:\Users\geet.mehta\Downloads\apache-jmeter-5.6.2\lib\ext\jmeter-plugins-cmn-jmeter-0.7.jar with filter ExtendsClassFilter [parents=[interface org.apache.jmeter.visualizers.RequestView], inner=false, contains=null, notContains=null]. Consider exposing JMeter plugins via META-INF/services, and add JMeter-Skip-Class-Scanning=true manifest attribute so JMeter can skip classfile scanning
2025-10-28 14:45:12,405 INFO o.a.j.r.ClassFinder: Will scan jar C:\Users\geet.mehta\Downloads\apache-jmeter-5.6.2\lib\ext\opencsv-5.9.jar with filter ExtendsClassFilter [parents=[interface org.apache.jmeter.visualizers.RequestView], inner=false, contains=null, notContains=null]. Consider exposing JMeter plugins via META-INF/services, and add JMeter-Skip-Class-Scanning=true manifest attribute so JMeter can skip classfile scanning
2025-10-28 14:45:12,407 INFO o.a.j.r.ClassFinder: Will scan jar C:\Users\geet.mehta\Downloads\apache-jmeter-5.6.2\lib\ext\jmeter-plugins-table-server-4.0.jar with filter ExtendsClassFilter [parents=[interface org.apache.jmeter.visualizers.RequestView], inner=false, contains=null, notContains=null]. Consider exposing JMeter plugins via META-INF/services, and add JMeter-Skip-Class-Scanning=true manifest attribute so JMeter can skip classfile scanning
2025-10-28 14:45:12,407 INFO o.a.j.r.ClassFinder: Will scan jar C:\Users\geet.mehta\Downloads\apache-jmeter-5.6.2\lib\ext\xtn5250-3.2.4.jar with filter ExtendsClassFilter [parents=[interface org.apache.jmeter.visualizers.RequestView], inner=false, contains=null, notContains=null]. Consider exposing JMeter plugins via META-INF/services, and add JMeter-Skip-Class-Scanning=true manifest attribute so JMeter can skip classfile scanning
2025-10-28 14:45:12,409 INFO o.a.j.r.ClassFinder: Will scan jar C:\Users\geet.mehta\Downloads\apache-jmeter-5.6.2\lib\ext\jmeter-plugins-random-csv-data-set-0.8.jar with filter ExtendsClassFilter [parents=[interface org.apache.jmeter.visualizers.RequestView], inner=false, contains=null, notContains=null]. Consider exposing JMeter plugins via META-INF/services, and add JMeter-Skip-Class-Scanning=true manifest attribute so JMeter can skip classfile scanning
2025-10-28 14:45:12,409 INFO o.a.j.r.ClassFinder: Will scan jar C:\Users\geet.mehta\Downloads\apache-jmeter-5.6.2\lib\ext\jmeter.backendlistener.kafka-1.0.0.jar with filter ExtendsClassFilter [parents=[interface org.apache.jmeter.visualizers.RequestView], inner=false, contains=null, notContains=null]. Consider exposing JMeter plugins via META-INF/services, and add JMeter-Skip-Class-Scanning=true manifest attribute so JMeter can skip classfile scanning
2025-10-28 14:45:12,417 INFO o.a.j.r.ClassFinder: Will scan jar C:\Users\geet.mehta\Downloads\apache-jmeter-5.6.2\lib\ext\jVT220-1.3.2.jar with filter ExtendsClassFilter [parents=[interface org.apache.jmeter.visualizers.RequestView], inner=false, contains=null, notContains=null]. Consider exposing JMeter plugins via META-INF/services, and add JMeter-Skip-Class-Scanning=true manifest attribute so JMeter can skip classfile scanning
2025-10-28 14:45:12,419 INFO o.a.j.r.ClassFinder: Will scan jar C:\Users\geet.mehta\Downloads\apache-jmeter-5.6.2\lib\ext\jmeter-plugins-dummy-0.4.jar with filter ExtendsClassFilter [parents=[interface org.apache.jmeter.visualizers.RequestView], inner=false, contains=null, notContains=null]. Consider exposing JMeter plugins via META-INF/services, and add JMeter-Skip-Class-Scanning=true manifest attribute so JMeter can skip classfile scanning
2025-10-28 14:45:12,419 INFO o.a.j.r.ClassFinder: Will scan jar C:\Users\geet.mehta\Downloads\apache-jmeter-5.6.2\lib\ext\di-extended-csv-1.1 (2).jar with filter ExtendsClassFilter [parents=[interface org.apache.jmeter.visualizers.RequestView], inner=false, contains=null, notContains=null]. Consider exposing JMeter plugins via META-INF/services, and add JMeter-Skip-Class-Scanning=true manifest attribute so JMeter can skip classfile scanning
2025-10-28 14:45:12,421 INFO o.a.j.r.ClassFinder: Will scan jar C:\Users\geet.mehta\Downloads\apache-jmeter-5.6.2\lib\ext\jmeter-plugins-manager-1.7.jar with filter ExtendsClassFilter [parents=[interface org.apache.jmeter.visualizers.RequestView], inner=false, contains=null, notContains=null]. Consider exposing JMeter plugins via META-INF/services, and add JMeter-Skip-Class-Scanning=true manifest attribute so JMeter can skip classfile scanning
2025-10-28 14:45:12,429 INFO o.a.j.r.ClassFinder: Will scan jar C:\Users\geet.mehta\Downloads\apache-jmeter-5.6.2\lib\ext\di-extended-csv-2.2 (3).jar with filter ExtendsClassFilter [parents=[interface org.apache.jmeter.visualizers.RequestView], inner=false, contains=null, notContains=null]. Consider exposing JMeter plugins via META-INF/services, and add JMeter-Skip-Class-Scanning=true manifest attribute so JMeter can skip classfile scanning
2025-10-28 14:45:12,429 INFO o.a.j.r.ClassFinder: Will scan jar C:\Users\geet.mehta\Downloads\apache-jmeter-5.6.2\lib\ext\jmeter-plugins-manager-1.10.jar with filter ExtendsClassFilter [parents=[interface org.apache.jmeter.visualizers.RequestView], inner=false, contains=null, notContains=null]. Consider exposing JMeter plugins via META-INF/services, and add JMeter-Skip-Class-Scanning=true manifest attribute so JMeter can skip classfile scanning
2025-10-28 14:45:12,431 INFO o.a.j.r.ClassFinder: Will scan jar C:\Users\geet.mehta\Downloads\apache-jmeter-5.6.2\lib\ext\jmeter-plugins-functions-2.1.jar with filter ExtendsClassFilter [parents=[interface org.apache.jmeter.visualizers.RequestView], inner=false, contains=null, notContains=null]. Consider exposing JMeter plugins via META-INF/services, and add JMeter-Skip-Class-Scanning=true manifest attribute so JMeter can skip classfile scanning
2025-10-28 14:45:12,431 INFO o.a.j.r.ClassFinder: Will scan jar C:\Users\geet.mehta\Downloads\apache-jmeter-5.6.2\lib\ext\jmeter-plugins-table-server-5.0.jar with filter ExtendsClassFilter [parents=[interface org.apache.jmeter.visualizers.RequestView], inner=false, contains=null, notContains=null]. Consider exposing JMeter plugins via META-INF/services, and add JMeter-Skip-Class-Scanning=true manifest attribute so JMeter can skip classfile scanning
