2025-10-24 19:22:05,250 INFO o.a.j.u.JMeterUtils: Setting Locale to en_EN
2025-10-24 19:22:05,315 INFO o.a.j.JMeter: Loading user properties from: C:\ISOMOD_PROJECT\Load_Testing_Tool\apache-jmeter-5.6.3\bin\user.properties
2025-10-24 19:22:05,369 INFO o.a.j.JMeter: Loading system properties from: C:\ISOMOD_PROJECT\Load_Testing_Tool\apache-jmeter-5.6.3\bin\system.properties
2025-10-24 19:22:05,395 INFO o.a.j.JMeter: Copyright (c) 1998-2024 The Apache Software Foundation
2025-10-24 19:22:05,418 INFO o.a.j.JMeter: Version 5.6.3
2025-10-24 19:22:05,459 INFO o.a.j.JMeter: java.version=17.0.16
2025-10-24 19:22:05,481 INFO o.a.j.JMeter: java.vm.name=OpenJDK Client VM
2025-10-24 19:22:05,506 INFO o.a.j.JMeter: os.name=Windows 11
2025-10-24 19:22:05,523 INFO o.a.j.JMeter: os.arch=x86
2025-10-24 19:22:05,554 INFO o.a.j.JMeter: os.version=10.0
2025-10-24 19:22:05,575 INFO o.a.j.JMeter: file.encoding=Cp1252
2025-10-24 19:22:05,606 INFO o.a.j.JMeter: java.awt.headless=null
2025-10-24 19:22:05,633 INFO o.a.j.JMeter: Max memory     =1073741824
2025-10-24 19:22:05,649 INFO o.a.j.JMeter: Available Processors =4
2025-10-24 19:22:05,681 INFO o.a.j.JMeter: Default Locale=English (EN)
2025-10-24 19:22:05,713 INFO o.a.j.JMeter: JMeter  Locale=English (EN)
2025-10-24 19:22:05,739 INFO o.a.j.JMeter: JMeterHome=C:\ISOMOD_PROJECT\Load_Testing_Tool\apache-jmeter-5.6.3
2025-10-24 19:22:05,762 INFO o.a.j.JMeter: user.dir  =Y:\Load_Testing\Projects\134_Isomod\PT_Scripts\RELEASE 1.2_Scripts\R1.2.12_SearchOrder
2025-10-24 19:22:05,888 INFO o.a.j.JMeter: PWD       =Y:\Load_Testing\Projects\134_Isomod\PT_Scripts\RELEASE 1.2_Scripts\R1.2.12_SearchOrder
2025-10-24 19:22:05,904 INFO o.a.j.JMeter: IP: 10.65.4.243 Name: CPC-srika-Z2M8R FullName: CPC-srika-Z2M8R.cardinalhealth.net
2025-10-24 19:22:05,967 INFO o.a.j.JMeter: Loaded icon properties from org/apache/jmeter/images/icon.properties
2025-10-24 19:22:06,205 INFO o.a.j.JMeterGuiLauncher: Setting LAF to: laf:javax.swing.plaf.metal.MetalLookAndFeel
2025-10-24 19:22:07,314 INFO o.a.j.JMeterGuiLauncher: Loading file: R2.0_Search_Sort_Order.jmx
2025-10-24 19:22:07,349 INFO o.a.j.s.FileServer: Default base='Y:\Load_Testing\Projects\134_Isomod\PT_Scripts\RELEASE 1.2_Scripts\R1.2.12_SearchOrder'
2025-10-24 19:22:07,374 INFO o.a.j.s.FileServer: Set new base='Y:\Load_Testing\Projects\134_Isomod\PT_Scripts\RELEASE 1.2_Scripts\R1.2.12_SearchOrder'
2025-10-24 19:22:07,543 INFO o.a.j.s.SaveService: Testplan (JMX) version: 2.2. Testlog (JTL) version: 2.2
2025-10-24 19:22:07,637 INFO o.a.j.s.SaveService: Using SaveService properties version 5.0
2025-10-24 19:22:07,652 INFO o.a.j.s.SaveService: Using SaveService properties file encoding UTF-8
2025-10-24 19:22:07,695 INFO o.a.j.s.SaveService: Loading file: R2.0_Search_Sort_Order.jmx
2025-10-24 19:22:07,862 INFO o.a.j.p.h.c.CookieManager: Settings: Delete null: true Check: true Allow variable: true Save: false Prefix: COOKIE_
2025-10-24 19:22:07,890 INFO o.a.j.p.h.c.CacheManager: Will only cache the following methods: [GET]
2025-10-24 19:22:07,938 INFO o.a.j.p.h.s.HTTPSamplerBase: Parser for text/html is org.apache.jmeter.protocol.http.parser.LagartoBasedHtmlParser
2025-10-24 19:22:07,959 INFO o.a.j.p.h.s.HTTPSamplerBase: Parser for application/xhtml+xml is org.apache.jmeter.protocol.http.parser.LagartoBasedHtmlParser
2025-10-24 19:22:07,987 INFO o.a.j.p.h.s.HTTPSamplerBase: Parser for application/xml is org.apache.jmeter.protocol.http.parser.LagartoBasedHtmlParser
2025-10-24 19:22:08,009 INFO o.a.j.p.h.s.HTTPSamplerBase: Parser for text/xml is org.apache.jmeter.protocol.http.parser.LagartoBasedHtmlParser
2025-10-24 19:22:08,030 INFO o.a.j.p.h.s.HTTPSamplerBase: Parser for text/vnd.wap.wml is org.apache.jmeter.protocol.http.parser.RegexpHTMLParser
2025-10-24 19:22:08,056 INFO o.a.j.p.h.s.HTTPSamplerBase: Parser for text/css is org.apache.jmeter.protocol.http.parser.CssParser
2025-10-24 19:22:09,194 INFO o.a.j.e.KeyToolUtils: keytool found at 'keytool'
2025-10-24 19:22:09,219 INFO o.a.j.p.h.p.ProxyControl: HTTP(S) Test Script Recorder SSL Proxy will use keys that support embedded 3rd party resources in file C:\ISOMOD_PROJECT\Load_Testing_Tool\apache-jmeter-5.6.3\bin\proxyserver.jks
2025-10-24 19:22:09,253 INFO o.a.j.s.FileServer: Set new base='Y:\Load_Testing\Projects\134_Isomod\PT_Scripts\RELEASE 1.2_Scripts\R1.2.12_SearchOrder'
2025-10-24 19:22:10,646 INFO o.a.j.s.SampleResult: Note: Sample TimeStamps are START times
2025-10-24 19:22:10,668 INFO o.a.j.s.SampleResult: sampleresult.default.encoding is set to UTF-8
2025-10-24 19:22:10,687 INFO o.a.j.s.SampleResult: sampleresult.useNanoTime=true
2025-10-24 19:22:10,718 INFO o.a.j.s.SampleResult: sampleresult.nanoThreadSleep=5000
